#
# A fatal error has been detected by the Java Runtime Environment:
#
#  EXCEPTION_ACCESS_VIOLATION (0xc0000005) at pc=0x00007ffef06a55b8, pid=13912, tid=10380
#
# JRE version: Java(TM) SE Runtime Environment (19.0.1+10) (build 19.0.1+10-21)
# Java VM: Java HotSpot(TM) 64-Bit Server VM (19.0.1+10-21, mixed mode, sharing, tiered, compressed oops, compressed class ptrs, g1 gc, windows-amd64)
# Problematic frame:
# C  0x00007ffef06a55b8
#
# No core dump will be written. Minidumps are not enabled by default on client versions of Windows
#
# If you would like to submit a bug report, please visit:
#   https://bugreport.java.com/bugreport/crash.jsp
# The crash happened outside the Java Virtual Machine in native code.
# See problematic frame for where to report the bug.
#

---------------  S U M M A R Y ------------

Command Line: --module-path=E:\javasdk\javafx-sdk-17.0.0.1\lib --add-modules=javafx.controls,javafx.fxml -Djava.library.path=C:\Users\Administrator\Desktop\opencv\build\java\x64 -Dfile.encoding=UTF-8 -XX:+ShowCodeDetailsInExceptionMessages application.Main

Host: Intel(R) Core(TM) i3-1005G1 CPU @ 1.20GHz, 4 cores, 7G,  Windows 11 , 64 bit Build 22621 (10.0.22621.755)
Time: Fri Nov 18 22:57:46 2022 India Standard Time elapsed time: 12.193426 seconds (0d 0h 0m 12s)

---------------  T H R E A D  ---------------

Current thread (0x00000184c0c86230):  JavaThread "Thread-3" [_thread_in_native, id=10380, stack(0x0000007e90d00000,0x0000007e90e00000)]

Stack: [0x0000007e90d00000,0x0000007e90e00000],  sp=0x0000007e90dfed30,  free space=1019k
Native frames: (J=compiled Java code, j=interpreted, Vv=VM code, C=native code)
C  0x00007ffef06a55b8

Java frames: (J=compiled Java code, j=interpreted, Vv=VM code)
j  org.bytedeco.javacpp.opencv_videoio$VideoCapture.set(ID)Z+0
j  org.bytedeco.javacv.OpenCVFrameGrabber.start()V+105
j  application.FaceDetector.run()V+114
j  java.lang.Thread.run()V+13 java.base@19.0.1
v  ~StubRoutines::call_stub 0x00000184a77310e8

siginfo: EXCEPTION_ACCESS_VIOLATION (0xc0000005), reading address 0x0000000000000000


Registers:
RAX=0x0000000000000000, RBX=0x00007ffef06d6e60, RCX=0x0000000000000000, RDX=0x00000184c0d79c28
RSP=0x0000007e90dfed30, RBP=0x0000007e90dfedf9, RSI=0x0000000000000000, RDI=0x00000184bbc9fef0
R8 =0x00000184bbca00a8, R9 =0x0000000000000001, R10=0x0000000000000003, R11=0x0000007e90dfed00
R12=0x00000184bbc9ff18, R13=0x00000184bbc9ff20, R14=0x0000000000000000, R15=0x00000184c0c86230
RIP=0x00007ffef06a55b8, EFLAGS=0x0000000000010246


Register to memory mapping:

RIP=0x00007ffef06a55b8 points into unknown readable memory: 0x8b481850ff018b48 | 48 8b 01 ff 50 18 48 8b
RAX=0x0 is NULL
RBX=0x00007ffef06d6e60 points into unknown readable memory: 0x0000000000000001 | 01 00 00 00 00 00 00 00
RCX=0x0 is NULL
RDX=0x00000184c0d79c28 points into unknown readable memory: 0x00007ffed7fbb200 | 00 b2 fb d7 fe 7f 00 00
RSP=0x0000007e90dfed30 is pointing into the stack for thread: 0x00000184c0c86230
RBP=0x0000007e90dfedf9 is pointing into the stack for thread: 0x00000184c0c86230
RSI=0x0 is NULL
RDI=0x00000184bbc9fef0 points into unknown readable memory: 0x0000000000000000 | 00 00 00 00 00 00 00 00
R8 =0x00000184bbca00a8 points into unknown readable memory: 0x0000000000000000 | 00 00 00 00 00 00 00 00
R9 =0x0000000000000001 is an unknown value
R10=0x0000000000000003 is an unknown value
R11=0x0000007e90dfed00 is pointing into the stack for thread: 0x00000184c0c86230
R12=0x00000184bbc9ff18 points into unknown readable memory: 0x0000000000000000 | 00 00 00 00 00 00 00 00
R13=0x00000184bbc9ff20 points into unknown readable memory: 0x0000000000000000 | 00 00 00 00 00 00 00 00
R14=0x0 is NULL
R15=0x00000184c0c86230 is a thread


Top of Stack: (sp=0x0000007e90dfed30)
0x0000007e90dfed30:   00007ffef06d6e60 0000000000000000
0x0000007e90dfed40:   00000184bbc9fef0 0000018496140000
0x0000007e90dfed50:   00000184bbc9ffa8 0000000000000000
0x0000007e90dfed60:   0000000000000000 00000184baf94480
0x0000007e90dfed70:   0000000000000004 00007fff11baa05b
0x0000007e90dfed80:   00007fff11f437b0 0000007e90dff030
0x0000007e90dfed90:   00000184bbc9fef0 00000184ba57e150
0x0000007e90dfeda0:   00000184baf94488 00007fff11f4ffe2
0x0000007e90dfedb0:   00000184ba5858e0 0000018400000000
0x0000007e90dfedc0:   0000007e90dff030 00007fff0979d171
0x0000007e90dfedd0:   0000000000000000 00007fff09798d02
0x0000007e90dfede0:   00000184ba57e150 00000184bbc9fef0
0x0000007e90dfedf0:   0000000000000000 0000000000000004
0x0000007e90dfee00:   0000b49d36cc58ea 00007ffef06a26ef
0x0000007e90dfee10:   0000000000000001 0000007e90dff030
0x0000007e90dfee20:   0000000000000004 00000184c0c86230 

Instructions: (pc=0x00007ffef06a55b8)
0x00007ffef06a54b8:   48 8b d9 c7 41 08 01 00 00 00 4c 8d 0d bf 7a 01
0x00007ffef06a54c8:   00 48 8d 0d e8 79 01 00 44 8d 42 01 4c 89 64 24
0x00007ffef06a54d8:   20 ff 15 d1 4e 01 00 85 c0 0f 88 25 06 00 00 33
0x00007ffef06a54e8:   d2 4c 89 ac 24 48 01 00 00 4c 8d 6f 30 4c 8d 0d
0x00007ffef06a54f8:   4c 7a 01 00 48 8d 0d c5 79 01 00 44 8d 42 01 4c
0x00007ffef06a5508:   89 b4 24 f0 00 00 00 4c 89 6c 24 20 ff 15 96 4e
0x00007ffef06a5518:   01 00 44 8b f0 85 c0 0f 88 ca 05 00 00 49 8b 4d
0x00007ffef06a5528:   00 4c 8d 47 70 48 8d 15 04 7b 01 00 48 8b 01 ff
0x00007ffef06a5538:   10 44 8b f0 85 c0 0f 88 ab 05 00 00 49 8b 0c 24
0x00007ffef06a5548:   49 8b 55 00 48 8b 01 ff 50 18 44 8b f0 85 c0 0f
0x00007ffef06a5558:   88 92 05 00 00 49 8b 4d 00 4c 8d 47 38 48 8d 15
0x00007ffef06a5568:   ac 7a 01 00 48 8b 01 ff 10 48 8b cb 44 8b f0 85
0x00007ffef06a5578:   c0 0f 88 73 05 00 00 48 8d 87 b8 00 00 00 48 8d
0x00007ffef06a5588:   57 40 4c 8d 8f b8 01 00 00 44 8b c6 48 89 44 24
0x00007ffef06a5598:   20 e8 32 ce ff ff 44 8b f0 85 c0 0f 88 46 05 00
0x00007ffef06a55a8:   00 49 8b 4d 00 48 8b 57 40 4c 8d 87 b8 01 00 00
0x00007ffef06a55b8:   48 8b 01 ff 50 18 48 8b 4f 28 4c 8b 4f 40 48 8d
0x00007ffef06a55c8:   55 8f 48 c7 45 8f 00 00 00 00 48 8b 01 48 89 54
0x00007ffef06a55d8:   24 28 48 8d 15 77 7a 01 00 4c 8d 05 90 77 01 00
0x00007ffef06a55e8:   48 89 54 24 20 48 8d 15 74 79 01 00 ff 50 30 85
0x00007ffef06a55f8:   c0 78 1d 0f 10 05 66 79 01 00 48 8b 4d 8f 0f 11
0x00007ffef06a5608:   43 10 48 8b 01 ff 50 10 48 c7 45 8f 00 00 00 00
0x00007ffef06a5618:   80 bf 99 00 00 00 00 74 28 0f 10 43 10 44 8b 8f
0x00007ffef06a5628:   a8 00 00 00 48 8d 45 97 4c 8d 47 40 48 8d 57 28
0x00007ffef06a5638:   48 8b cb 0f 29 45 97 48 89 44 24 20 e8 17 e8 ff
0x00007ffef06a5648:   ff 48 8b 4f 28 4c 8b 4f 40 48 8d 15 00 7a 01 00
0x00007ffef06a5658:   48 8b 01 4c 8d 67 58 4c 8d 05 12 77 01 00 4c 89
0x00007ffef06a5668:   64 24 28 48 89 54 24 20 48 8d 53 10 ff 50 30 44
0x00007ffef06a5678:   8b f0 85 c0 0f 88 6d 04 00 00 49 8b 0c 24 4c 8d
0x00007ffef06a5688:   7f 68 48 8b 01 49 8b d7 ff 50 20 44 8b f0 85 c0
0x00007ffef06a5698:   0f 88 51 04 00 00 80 bf 98 00 00 00 00 49 8b 07
0x00007ffef06a56a8:   48 8b 48 50 48 89 4c 24 30 44 8b 71 34 8b 41 38 


Stack slot to memory mapping:
stack at sp + 0 slots: 0x00007ffef06d6e60 points into unknown readable memory: 0x0000000000000001 | 01 00 00 00 00 00 00 00
stack at sp + 1 slots: 0x0 is NULL
stack at sp + 2 slots: 0x00000184bbc9fef0 points into unknown readable memory: 0x0000000000000000 | 00 00 00 00 00 00 00 00
stack at sp + 3 slots: 0x0000018496140000 points into unknown readable memory: 0x0000000000000000 | 00 00 00 00 00 00 00 00
stack at sp + 4 slots: 0x00000184bbc9ffa8 points into unknown readable memory: 0x0000000000000000 | 00 00 00 00 00 00 00 00
stack at sp + 5 slots: 0x0 is NULL
stack at sp + 6 slots: 0x0 is NULL
stack at sp + 7 slots: 0x00000184baf94480 points into unknown readable memory: 0x0000288c079013fc | fc 13 90 07 8c 28 00 00


---------------  P R O C E S S  ---------------

Threads class SMR info:
_java_thread_list=0x00000184ba568e20, length=23, elements={
0x00000184982aaef0, 0x00000184b60e4290, 0x00000184b60e7700, 0x00000184b60e8dc0,
0x00000184b60eb7f0, 0x00000184b60ec210, 0x00000184b60ecc30, 0x00000184b60ed980,
0x00000184ba41d2b0, 0x00000184ba420ff0, 0x00000184ba4b54e0, 0x00000184ba615640,
0x00000184bad1db70, 0x00000184bac2bd20, 0x00000184baf99be0, 0x00000184bb22fb80,
0x00000184ba7fd700, 0x00000184bbcc4070, 0x00000184bbcc45c0, 0x00000184bbcc6af0,
0x00000184bbcc7040, 0x00000184bbcc55b0, 0x00000184c0c86230
}

Java Threads: ( => current thread )
  0x00000184982aaef0 JavaThread "main" [_thread_blocked, id=15548, stack(0x0000007e8ee00000,0x0000007e8ef00000)]
  0x00000184b60e4290 JavaThread "Reference Handler" daemon [_thread_blocked, id=7288, stack(0x0000007e8f600000,0x0000007e8f700000)]
  0x00000184b60e7700 JavaThread "Finalizer" daemon [_thread_blocked, id=6688, stack(0x0000007e8f700000,0x0000007e8f800000)]
  0x00000184b60e8dc0 JavaThread "Signal Dispatcher" daemon [_thread_blocked, id=1988, stack(0x0000007e8f800000,0x0000007e8f900000)]
  0x00000184b60eb7f0 JavaThread "Attach Listener" daemon [_thread_blocked, id=9144, stack(0x0000007e8f900000,0x0000007e8fa00000)]
  0x00000184b60ec210 JavaThread "Service Thread" daemon [_thread_blocked, id=15952, stack(0x0000007e8fa00000,0x0000007e8fb00000)]
  0x00000184b60ecc30 JavaThread "Monitor Deflation Thread" daemon [_thread_blocked, id=1656, stack(0x0000007e8fb00000,0x0000007e8fc00000)]
  0x00000184b60ed980 JavaThread "C2 CompilerThread0" daemon [_thread_blocked, id=10044, stack(0x0000007e8fc00000,0x0000007e8fd00000)]
  0x00000184ba41d2b0 JavaThread "C1 CompilerThread0" daemon [_thread_blocked, id=12372, stack(0x0000007e8fd00000,0x0000007e8fe00000)]
  0x00000184ba420ff0 JavaThread "Sweeper thread" daemon [_thread_blocked, id=16204, stack(0x0000007e8fe00000,0x0000007e8ff00000)]
  0x00000184ba4b54e0 JavaThread "Common-Cleaner" daemon [_thread_blocked, id=10748, stack(0x0000007e8ff00000,0x0000007e90000000)]
  0x00000184ba615640 JavaThread "Notification Thread" daemon [_thread_blocked, id=9004, stack(0x0000007e90100000,0x0000007e90200000)]
  0x00000184bad1db70 JavaThread "QuantumRenderer-0" daemon [_thread_blocked, id=14256, stack(0x0000007e90300000,0x0000007e90400000)]
  0x00000184bac2bd20 JavaThread "InvokeLaterDispatcher" daemon [_thread_blocked, id=932, stack(0x0000007e90400000,0x0000007e90500000)]
  0x00000184baf99be0 JavaThread "JavaFX Application Thread" [_thread_in_native, id=2320, stack(0x0000007e90500000,0x0000007e90600000)]
  0x00000184bb22fb80 JavaThread "Thread-1" daemon [_thread_in_native, id=11828, stack(0x0000007e90000000,0x0000007e90100000)]
  0x00000184ba7fd700 JavaThread "JavaFX-Launcher" [_thread_blocked, id=4872, stack(0x0000007e90c00000,0x0000007e90d00000)]
  0x00000184bbcc4070 JavaThread "JavaCPP Deallocator" daemon [_thread_blocked, id=12680, stack(0x0000007e90e00000,0x0000007e90f00000)]
  0x00000184bbcc45c0 JavaThread "Java2D Disposer" daemon [_thread_blocked, id=15232, stack(0x0000007e90f00000,0x0000007e91000000)]
  0x00000184bbcc6af0 JavaThread "AWT-Windows" daemon [_thread_in_native, id=11692, stack(0x0000007e91100000,0x0000007e91200000)]
  0x00000184bbcc7040 JavaThread "Prism Font Disposer" daemon [_thread_blocked, id=4140, stack(0x0000007e91500000,0x0000007e91600000)]
  0x00000184bbcc55b0 JavaThread "Cleaner-0" daemon [_thread_blocked, id=10912, stack(0x0000007e91000000,0x0000007e91100000)]
=>0x00000184c0c86230 JavaThread "Thread-3" [_thread_in_native, id=10380, stack(0x0000007e90d00000,0x0000007e90e00000)]

Other Threads:
  0x00000184b60c8700 VMThread "VM Thread" [stack: 0x0000007e8f500000,0x0000007e8f600000] [id=11268]
  0x00000184ba640850 WatcherThread "VM Periodic Task Thread" [stack: 0x0000007e90200000,0x0000007e90300000] [id=13792]
  0x0000018498309650 WorkerThread "GC Thread#0" [stack: 0x0000007e8f000000,0x0000007e8f100000] [id=8148]
  0x00000184bb5eb0e0 WorkerThread "GC Thread#1" [stack: 0x0000007e90900000,0x0000007e90a00000] [id=4144]
  0x00000184bb5eb3b0 WorkerThread "GC Thread#2" [stack: 0x0000007e90a00000,0x0000007e90b00000] [id=11116]
  0x00000184bb5efbc0 WorkerThread "GC Thread#3" [stack: 0x0000007e90b00000,0x0000007e90c00000] [id=15712]
  0x0000018498319e70 ConcurrentGCThread "G1 Main Marker" [stack: 0x0000007e8f100000,0x0000007e8f200000] [id=15872]
  0x000001849831a8a0 WorkerThread "G1 Conc#0" [stack: 0x0000007e8f200000,0x0000007e8f300000] [id=1600]
  0x00000184b5f7d520 ConcurrentGCThread "G1 Refine#0" [stack: 0x0000007e8f300000,0x0000007e8f400000] [id=1136]
  0x00000184b5f7df70 ConcurrentGCThread "G1 Service" [stack: 0x0000007e8f400000,0x0000007e8f500000] [id=1364]

Threads with active compile tasks:

VM state: not at safepoint (normal execution)

VM Mutex/Monitor currently owned by a thread: None

Heap address: 0x0000000083a00000, size: 1990 MB, Compressed Oops mode: 32-bit

CDS archive(s) mapped at: [0x0000000800000000-0x0000000800c40000-0x0000000800c40000), size 12845056, SharedBaseAddress: 0x0000000800000000, ArchiveRelocationMode: 0.
Compressed class space mapped at: 0x0000000801000000-0x0000000841000000, reserved size: 1073741824
Narrow klass base: 0x0000000800000000, Narrow klass shift: 0, Narrow klass range: 0x100000000

GC Precious Log:
 CardTable entry size: 512
 Card Set container configuration: InlinePtr #cards 5 size 8 Array Of Cards #cards 12 size 40 Howl #buckets 4 coarsen threshold 1843 Howl Bitmap #cards 512 size 80 coarsen threshold 460 Card regions per heap region 1 cards per card region 2048
 CPUs: 4 total, 4 available
 Memory: 7959M
 Large Page Support: Disabled
 NUMA Support: Disabled
 Compressed Oops: Enabled (32-bit)
 Heap Region Size: 1M
 Heap Min Capacity: 8M
 Heap Initial Capacity: 126M
 Heap Max Capacity: 1990M
 Pre-touch: Disabled
 Parallel Workers: 4
 Concurrent Workers: 1
 Concurrent Refinement Workers: 4
 Periodic GC: Disabled

Heap:
 garbage-first heap   total 129024K, used 80478K [0x0000000083a00000, 0x0000000100000000)
  region size 1024K, 40 young (40960K), 10 survivors (10240K)
 Metaspace       used 26767K, committed 27264K, reserved 1114112K
  class space    used 3416K, committed 3648K, reserved 1048576K

Heap Regions: E=young(eden), S=young(survivor), O=old, HS=humongous(starts), HC=humongous(continues), CS=collection set, F=free, OA=open archive, CA=closed archive, TAMS=top-at-mark-start (previous, next)
|   0|0x0000000083a00000, 0x0000000083b00000, 0x0000000083b00000|100%| O|  |TAMS 0x0000000083b00000, 0x0000000083a00000| Untracked 
|   1|0x0000000083b00000, 0x0000000083c00000, 0x0000000083c00000|100%| O|  |TAMS 0x0000000083b8be00, 0x0000000083b00000| Untracked 
|   2|0x0000000083c00000, 0x0000000083d00000, 0x0000000083d00000|100%|HS|  |TAMS 0x0000000083d00000, 0x0000000083c00000| Complete 
|   3|0x0000000083d00000, 0x0000000083e00000, 0x0000000083e00000|100%|HC|  |TAMS 0x0000000083e00000, 0x0000000083d00000| Complete 
|   4|0x0000000083e00000, 0x0000000083f00000, 0x0000000083f00000|100%|HC|  |TAMS 0x0000000083f00000, 0x0000000083e00000| Complete 
|   5|0x0000000083f00000, 0x0000000084000000, 0x0000000084000000|100%|HC|  |TAMS 0x0000000084000000, 0x0000000083f00000| Complete 
|   6|0x0000000084000000, 0x0000000084100000, 0x0000000084100000|100%|HC|  |TAMS 0x0000000084100000, 0x0000000084000000| Complete 
|   7|0x0000000084100000, 0x0000000084200000, 0x0000000084200000|100%|HC|  |TAMS 0x0000000084200000, 0x0000000084100000| Complete 
|   8|0x0000000084200000, 0x0000000084300000, 0x0000000084300000|100%|HC|  |TAMS 0x0000000084300000, 0x0000000084200000| Complete 
|   9|0x0000000084300000, 0x0000000084400000, 0x0000000084400000|100%|HC|  |TAMS 0x0000000084400000, 0x0000000084300000| Complete 
|  10|0x0000000084400000, 0x0000000084500000, 0x0000000084500000|100%|HC|  |TAMS 0x0000000084500000, 0x0000000084400000| Complete 
|  11|0x0000000084500000, 0x0000000084600000, 0x0000000084600000|100%|HC|  |TAMS 0x0000000084600000, 0x0000000084500000| Complete 
|  12|0x0000000084600000, 0x0000000084700000, 0x0000000084700000|100%|HC|  |TAMS 0x0000000084700000, 0x0000000084600000| Complete 
|  13|0x0000000084700000, 0x0000000084800000, 0x0000000084800000|100%|HC|  |TAMS 0x0000000084800000, 0x0000000084700000| Complete 
|  14|0x0000000084800000, 0x0000000084900000, 0x0000000084900000|100%|HC|  |TAMS 0x0000000084900000, 0x0000000084800000| Complete 
|  15|0x0000000084900000, 0x0000000084a00000, 0x0000000084a00000|100%|HC|  |TAMS 0x0000000084a00000, 0x0000000084900000| Complete 
|  16|0x0000000084a00000, 0x0000000084b00000, 0x0000000084b00000|100%|HC|  |TAMS 0x0000000084b00000, 0x0000000084a00000| Complete 
|  17|0x0000000084b00000, 0x0000000084c00000, 0x0000000084c00000|100%|HC|  |TAMS 0x0000000084c00000, 0x0000000084b00000| Complete 
|  18|0x0000000084c00000, 0x0000000084d00000, 0x0000000084d00000|100%|HC|  |TAMS 0x0000000084d00000, 0x0000000084c00000| Complete 
|  19|0x0000000084d00000, 0x0000000084e00000, 0x0000000084e00000|100%|HC|  |TAMS 0x0000000084e00000, 0x0000000084d00000| Complete 
|  20|0x0000000084e00000, 0x0000000084f00000, 0x0000000084f00000|100%|HC|  |TAMS 0x0000000084f00000, 0x0000000084e00000| Complete 
|  21|0x0000000084f00000, 0x0000000085000000, 0x0000000085000000|100%|HS|  |TAMS 0x0000000085000000, 0x0000000084f00000| Complete 
|  22|0x0000000085000000, 0x0000000085100000, 0x0000000085100000|100%|HC|  |TAMS 0x0000000085100000, 0x0000000085000000| Complete 
|  23|0x0000000085100000, 0x0000000085200000, 0x0000000085200000|100%|HS|  |TAMS 0x0000000085200000, 0x0000000085100000| Complete 
|  24|0x0000000085200000, 0x0000000085300000, 0x0000000085300000|100%|HC|  |TAMS 0x0000000085300000, 0x0000000085200000| Complete 
|  25|0x0000000085300000, 0x0000000085400000, 0x0000000085400000|100%|HC|  |TAMS 0x0000000085400000, 0x0000000085300000| Complete 
|  26|0x0000000085400000, 0x0000000085500000, 0x0000000085500000|100%|HS|  |TAMS 0x0000000085500000, 0x0000000085400000| Complete 
|  27|0x0000000085500000, 0x0000000085600000, 0x0000000085600000|100%|HS|  |TAMS 0x0000000085600000, 0x0000000085500000| Complete 
|  28|0x0000000085600000, 0x0000000085700000, 0x0000000085700000|100%|HS|  |TAMS 0x0000000085700000, 0x0000000085600000| Complete 
|  29|0x0000000085700000, 0x0000000085800000, 0x0000000085800000|100%|HC|  |TAMS 0x0000000085800000, 0x0000000085700000| Complete 
|  30|0x0000000085800000, 0x0000000085900000, 0x0000000085900000|100%|HC|  |TAMS 0x0000000085900000, 0x0000000085800000| Complete 
|  31|0x0000000085900000, 0x0000000085a00000, 0x0000000085a00000|100%|HC|  |TAMS 0x0000000085a00000, 0x0000000085900000| Complete 
|  32|0x0000000085a00000, 0x0000000085b00000, 0x0000000085b00000|100%|HC|  |TAMS 0x0000000085b00000, 0x0000000085a00000| Complete 
|  33|0x0000000085b00000, 0x0000000085c00000, 0x0000000085c00000|100%|HS|  |TAMS 0x0000000085c00000, 0x0000000085b00000| Complete 
|  34|0x0000000085c00000, 0x0000000085d00000, 0x0000000085d00000|100%|HC|  |TAMS 0x0000000085d00000, 0x0000000085c00000| Complete 
|  35|0x0000000085d00000, 0x0000000085d97a00, 0x0000000085e00000| 59%| O|  |TAMS 0x0000000085d00000, 0x0000000085d00000| Untracked 
|  36|0x0000000085e00000, 0x0000000085f00000, 0x0000000085f00000|100%|HS|  |TAMS 0x0000000085e00000, 0x0000000085e00000| Complete 
|  37|0x0000000085f00000, 0x0000000086000000, 0x0000000086000000|100%|HC|  |TAMS 0x0000000085f00000, 0x0000000085f00000| Complete 
|  38|0x0000000086000000, 0x0000000086100000, 0x0000000086100000|100%|HS|  |TAMS 0x0000000086000000, 0x0000000086000000| Complete 
|  39|0x0000000086100000, 0x0000000086200000, 0x0000000086200000|100%|HC|  |TAMS 0x0000000086100000, 0x0000000086100000| Complete 
|  40|0x0000000086200000, 0x0000000086200000, 0x0000000086300000|  0%| F|  |TAMS 0x0000000086200000, 0x0000000086200000| Untracked 
|  41|0x0000000086300000, 0x0000000086300000, 0x0000000086400000|  0%| F|  |TAMS 0x0000000086300000, 0x0000000086300000| Untracked 
|  42|0x0000000086400000, 0x0000000086400000, 0x0000000086500000|  0%| F|  |TAMS 0x0000000086400000, 0x0000000086400000| Untracked 
|  43|0x0000000086500000, 0x0000000086500000, 0x0000000086600000|  0%| F|  |TAMS 0x0000000086500000, 0x0000000086500000| Untracked 
|  44|0x0000000086600000, 0x0000000086600000, 0x0000000086700000|  0%| F|  |TAMS 0x0000000086600000, 0x0000000086600000| Untracked 
|  45|0x0000000086700000, 0x0000000086700000, 0x0000000086800000|  0%| F|  |TAMS 0x0000000086700000, 0x0000000086700000| Untracked 
|  46|0x0000000086800000, 0x0000000086800000, 0x0000000086900000|  0%| F|  |TAMS 0x0000000086800000, 0x0000000086800000| Untracked 
|  47|0x0000000086900000, 0x0000000086900000, 0x0000000086a00000|  0%| F|  |TAMS 0x0000000086900000, 0x0000000086900000| Untracked 
|  48|0x0000000086a00000, 0x0000000086a00000, 0x0000000086b00000|  0%| F|  |TAMS 0x0000000086a00000, 0x0000000086a00000| Untracked 
|  49|0x0000000086b00000, 0x0000000086b00000, 0x0000000086c00000|  0%| F|  |TAMS 0x0000000086b00000, 0x0000000086b00000| Untracked 
|  50|0x0000000086c00000, 0x0000000086c00000, 0x0000000086d00000|  0%| F|  |TAMS 0x0000000086c00000, 0x0000000086c00000| Untracked 
|  51|0x0000000086d00000, 0x0000000086d00000, 0x0000000086e00000|  0%| F|  |TAMS 0x0000000086d00000, 0x0000000086d00000| Untracked 
|  52|0x0000000086e00000, 0x0000000086e00000, 0x0000000086f00000|  0%| F|  |TAMS 0x0000000086e00000, 0x0000000086e00000| Untracked 
|  53|0x0000000086f00000, 0x0000000086f00000, 0x0000000087000000|  0%| F|  |TAMS 0x0000000086f00000, 0x0000000086f00000| Untracked 
|  54|0x0000000087000000, 0x0000000087000000, 0x0000000087100000|  0%| F|  |TAMS 0x0000000087000000, 0x0000000087000000| Untracked 
|  55|0x0000000087100000, 0x0000000087100000, 0x0000000087200000|  0%| F|  |TAMS 0x0000000087100000, 0x0000000087100000| Untracked 
|  56|0x0000000087200000, 0x0000000087200000, 0x0000000087300000|  0%| F|  |TAMS 0x0000000087200000, 0x0000000087200000| Untracked 
|  57|0x0000000087300000, 0x0000000087300000, 0x0000000087400000|  0%| F|  |TAMS 0x0000000087300000, 0x0000000087300000| Untracked 
|  58|0x0000000087400000, 0x0000000087400000, 0x0000000087500000|  0%| F|  |TAMS 0x0000000087400000, 0x0000000087400000| Untracked 
|  59|0x0000000087500000, 0x0000000087500000, 0x0000000087600000|  0%| F|  |TAMS 0x0000000087500000, 0x0000000087500000| Untracked 
|  60|0x0000000087600000, 0x0000000087600000, 0x0000000087700000|  0%| F|  |TAMS 0x0000000087600000, 0x0000000087600000| Untracked 
|  61|0x0000000087700000, 0x0000000087700000, 0x0000000087800000|  0%| F|  |TAMS 0x0000000087700000, 0x0000000087700000| Untracked 
|  62|0x0000000087800000, 0x0000000087800000, 0x0000000087900000|  0%| F|  |TAMS 0x0000000087800000, 0x0000000087800000| Untracked 
|  63|0x0000000087900000, 0x0000000087900000, 0x0000000087a00000|  0%| F|  |TAMS 0x0000000087900000, 0x0000000087900000| Untracked 
|  64|0x0000000087a00000, 0x0000000087a00000, 0x0000000087b00000|  0%| F|  |TAMS 0x0000000087a00000, 0x0000000087a00000| Untracked 
|  65|0x0000000087b00000, 0x0000000087b00000, 0x0000000087c00000|  0%| F|  |TAMS 0x0000000087b00000, 0x0000000087b00000| Untracked 
|  66|0x0000000087c00000, 0x0000000087c00000, 0x0000000087d00000|  0%| F|  |TAMS 0x0000000087c00000, 0x0000000087c00000| Untracked 
|  67|0x0000000087d00000, 0x0000000087d00000, 0x0000000087e00000|  0%| F|  |TAMS 0x0000000087d00000, 0x0000000087d00000| Untracked 
|  68|0x0000000087e00000, 0x0000000087f00000, 0x0000000087f00000|100%| S|CS|TAMS 0x0000000087e00000, 0x0000000087e00000| Complete 
|  69|0x0000000087f00000, 0x0000000088000000, 0x0000000088000000|100%| S|CS|TAMS 0x0000000087f00000, 0x0000000087f00000| Complete 
|  70|0x0000000088000000, 0x0000000088100000, 0x0000000088100000|100%| S|CS|TAMS 0x0000000088000000, 0x0000000088000000| Complete 
|  71|0x0000000088100000, 0x0000000088200000, 0x0000000088200000|100%| S|CS|TAMS 0x0000000088100000, 0x0000000088100000| Complete 
|  72|0x0000000088200000, 0x0000000088300000, 0x0000000088300000|100%| S|CS|TAMS 0x0000000088200000, 0x0000000088200000| Complete 
|  73|0x0000000088300000, 0x0000000088400000, 0x0000000088400000|100%| S|CS|TAMS 0x0000000088300000, 0x0000000088300000| Complete 
|  74|0x0000000088400000, 0x0000000088500000, 0x0000000088500000|100%| S|CS|TAMS 0x0000000088400000, 0x0000000088400000| Complete 
|  75|0x0000000088500000, 0x0000000088600000, 0x0000000088600000|100%| S|CS|TAMS 0x0000000088500000, 0x0000000088500000| Complete 
|  76|0x0000000088600000, 0x0000000088700000, 0x0000000088700000|100%| S|CS|TAMS 0x0000000088600000, 0x0000000088600000| Complete 
|  77|0x0000000088700000, 0x0000000088800000, 0x0000000088800000|100%| S|CS|TAMS 0x0000000088700000, 0x0000000088700000| Complete 
|  78|0x0000000088800000, 0x0000000088800000, 0x0000000088900000|  0%| F|  |TAMS 0x0000000088800000, 0x0000000088800000| Untracked 
|  79|0x0000000088900000, 0x0000000088900000, 0x0000000088a00000|  0%| F|  |TAMS 0x0000000088900000, 0x0000000088900000| Untracked 
|  80|0x0000000088a00000, 0x0000000088a00000, 0x0000000088b00000|  0%| F|  |TAMS 0x0000000088a00000, 0x0000000088a00000| Untracked 
|  81|0x0000000088b00000, 0x0000000088b00000, 0x0000000088c00000|  0%| F|  |TAMS 0x0000000088b00000, 0x0000000088b00000| Untracked 
|  82|0x0000000088c00000, 0x0000000088c00000, 0x0000000088d00000|  0%| F|  |TAMS 0x0000000088c00000, 0x0000000088c00000| Untracked 
|  83|0x0000000088d00000, 0x0000000088d00000, 0x0000000088e00000|  0%| F|  |TAMS 0x0000000088d00000, 0x0000000088d00000| Untracked 
|  84|0x0000000088e00000, 0x0000000088e00000, 0x0000000088f00000|  0%| F|  |TAMS 0x0000000088e00000, 0x0000000088e00000| Untracked 
|  85|0x0000000088f00000, 0x0000000088f00000, 0x0000000089000000|  0%| F|  |TAMS 0x0000000088f00000, 0x0000000088f00000| Untracked 
|  86|0x0000000089000000, 0x0000000089000000, 0x0000000089100000|  0%| F|  |TAMS 0x0000000089000000, 0x0000000089000000| Untracked 
|  87|0x0000000089100000, 0x0000000089100000, 0x0000000089200000|  0%| F|  |TAMS 0x0000000089100000, 0x0000000089100000| Untracked 
|  88|0x0000000089200000, 0x0000000089200000, 0x0000000089300000|  0%| F|  |TAMS 0x0000000089200000, 0x0000000089200000| Untracked 
|  89|0x0000000089300000, 0x0000000089300000, 0x0000000089400000|  0%| F|  |TAMS 0x0000000089300000, 0x0000000089300000| Untracked 
|  90|0x0000000089400000, 0x0000000089400000, 0x0000000089500000|  0%| F|  |TAMS 0x0000000089400000, 0x0000000089400000| Untracked 
|  91|0x0000000089500000, 0x0000000089500000, 0x0000000089600000|  0%| F|  |TAMS 0x0000000089500000, 0x0000000089500000| Untracked 
|  92|0x0000000089600000, 0x0000000089600000, 0x0000000089700000|  0%| F|  |TAMS 0x0000000089600000, 0x0000000089600000| Untracked 
|  93|0x0000000089700000, 0x0000000089700000, 0x0000000089800000|  0%| F|  |TAMS 0x0000000089700000, 0x0000000089700000| Untracked 
|  94|0x0000000089800000, 0x0000000089800000, 0x0000000089900000|  0%| F|  |TAMS 0x0000000089800000, 0x0000000089800000| Untracked 
|  95|0x0000000089900000, 0x0000000089900000, 0x0000000089a00000|  0%| F|  |TAMS 0x0000000089900000, 0x0000000089900000| Untracked 
|  96|0x0000000089a00000, 0x0000000089af8cb8, 0x0000000089b00000| 97%| E|  |TAMS 0x0000000089a00000, 0x0000000089a00000| Complete 
|  97|0x0000000089b00000, 0x0000000089c00000, 0x0000000089c00000|100%| E|CS|TAMS 0x0000000089b00000, 0x0000000089b00000| Complete 
|  98|0x0000000089c00000, 0x0000000089d00000, 0x0000000089d00000|100%| E|CS|TAMS 0x0000000089c00000, 0x0000000089c00000| Complete 
|  99|0x0000000089d00000, 0x0000000089e00000, 0x0000000089e00000|100%| E|CS|TAMS 0x0000000089d00000, 0x0000000089d00000| Complete 
| 100|0x0000000089e00000, 0x0000000089f00000, 0x0000000089f00000|100%| E|CS|TAMS 0x0000000089e00000, 0x0000000089e00000| Complete 
| 101|0x0000000089f00000, 0x000000008a000000, 0x000000008a000000|100%| E|CS|TAMS 0x0000000089f00000, 0x0000000089f00000| Complete 
| 102|0x000000008a000000, 0x000000008a100000, 0x000000008a100000|100%| E|CS|TAMS 0x000000008a000000, 0x000000008a000000| Complete 
| 103|0x000000008a100000, 0x000000008a200000, 0x000000008a200000|100%| E|CS|TAMS 0x000000008a100000, 0x000000008a100000| Complete 
| 104|0x000000008a200000, 0x000000008a300000, 0x000000008a300000|100%| E|CS|TAMS 0x000000008a200000, 0x000000008a200000| Complete 
| 105|0x000000008a300000, 0x000000008a400000, 0x000000008a400000|100%| E|CS|TAMS 0x000000008a300000, 0x000000008a300000| Complete 
| 106|0x000000008a400000, 0x000000008a500000, 0x000000008a500000|100%| E|CS|TAMS 0x000000008a400000, 0x000000008a400000| Complete 
| 107|0x000000008a500000, 0x000000008a600000, 0x000000008a600000|100%| E|CS|TAMS 0x000000008a500000, 0x000000008a500000| Complete 
| 108|0x000000008a600000, 0x000000008a700000, 0x000000008a700000|100%| E|CS|TAMS 0x000000008a600000, 0x000000008a600000| Complete 
| 109|0x000000008a700000, 0x000000008a800000, 0x000000008a800000|100%| E|CS|TAMS 0x000000008a700000, 0x000000008a700000| Complete 
| 110|0x000000008a800000, 0x000000008a900000, 0x000000008a900000|100%| E|CS|TAMS 0x000000008a800000, 0x000000008a800000| Complete 
| 111|0x000000008a900000, 0x000000008aa00000, 0x000000008aa00000|100%| E|CS|TAMS 0x000000008a900000, 0x000000008a900000| Complete 
| 112|0x000000008aa00000, 0x000000008ab00000, 0x000000008ab00000|100%| E|CS|TAMS 0x000000008aa00000, 0x000000008aa00000| Complete 
| 113|0x000000008ab00000, 0x000000008ac00000, 0x000000008ac00000|100%| E|CS|TAMS 0x000000008ab00000, 0x000000008ab00000| Complete 
| 114|0x000000008ac00000, 0x000000008ad00000, 0x000000008ad00000|100%| E|CS|TAMS 0x000000008ac00000, 0x000000008ac00000| Complete 
| 115|0x000000008ad00000, 0x000000008ae00000, 0x000000008ae00000|100%| E|CS|TAMS 0x000000008ad00000, 0x000000008ad00000| Complete 
| 116|0x000000008ae00000, 0x000000008af00000, 0x000000008af00000|100%| E|CS|TAMS 0x000000008ae00000, 0x000000008ae00000| Complete 
| 117|0x000000008af00000, 0x000000008b000000, 0x000000008b000000|100%| E|CS|TAMS 0x000000008af00000, 0x000000008af00000| Complete 
| 118|0x000000008b000000, 0x000000008b100000, 0x000000008b100000|100%| E|CS|TAMS 0x000000008b000000, 0x000000008b000000| Complete 
| 119|0x000000008b100000, 0x000000008b200000, 0x000000008b200000|100%| E|CS|TAMS 0x000000008b100000, 0x000000008b100000| Complete 
| 120|0x000000008b200000, 0x000000008b300000, 0x000000008b300000|100%| E|CS|TAMS 0x000000008b200000, 0x000000008b200000| Complete 
| 121|0x000000008b300000, 0x000000008b400000, 0x000000008b400000|100%| E|CS|TAMS 0x000000008b300000, 0x000000008b300000| Complete 
| 122|0x000000008b400000, 0x000000008b500000, 0x000000008b500000|100%| E|CS|TAMS 0x000000008b400000, 0x000000008b400000| Complete 
| 123|0x000000008b500000, 0x000000008b600000, 0x000000008b600000|100%| E|CS|TAMS 0x000000008b500000, 0x000000008b500000| Complete 
| 124|0x000000008b600000, 0x000000008b700000, 0x000000008b700000|100%| E|CS|TAMS 0x000000008b600000, 0x000000008b600000| Complete 
| 125|0x000000008b700000, 0x000000008b800000, 0x000000008b800000|100%| E|CS|TAMS 0x000000008b700000, 0x000000008b700000| Complete 

Card table byte_map: [0x00000184af5f0000,0x00000184af9e0000] _byte_map_base: 0x00000184af1d3000

Marking Bits (Prev, Next): (CMBitMap*) 0x0000018498309cc0, (CMBitMap*) 0x0000018498309c80
 Prev Bits: [0x00000184b1cf0000, 0x00000184b3c08000)
 Next Bits: [0x00000184afdd0000, 0x00000184b1ce8000)

Polling page: 0x0000018496280000

Metaspace:

Usage:
  Non-class:     22.80 MB used.
      Class:      3.34 MB used.
       Both:     26.14 MB used.

Virtual space:
  Non-class space:       64.00 MB reserved,      23.06 MB ( 36%) committed,  1 nodes.
      Class space:        1.00 GB reserved,       3.56 MB ( <1%) committed,  1 nodes.
             Both:        1.06 GB reserved,      26.62 MB (  2%) committed. 

Chunk freelists:
   Non-Class:  816.00 KB
       Class:  353.00 KB
        Both:  1.14 MB

MaxMetaspaceSize: unlimited
CompressedClassSpaceSize: 1.00 GB
Initial GC threshold: 21.00 MB
Current GC threshold: 35.12 MB
CDS: on
MetaspaceReclaimPolicy: balanced
 - commit_granule_bytes: 65536.
 - commit_granule_words: 8192.
 - virtual_space_node_default_size: 8388608.
 - enlarge_chunks_in_place: 1.
 - new_chunks_are_fully_committed: 0.
 - uncommit_free_chunks: 1.
 - use_allocation_guard: 0.


Internal statistics:

num_allocs_failed_limit: 3.
num_arena_births: 500.
num_arena_deaths: 0.
num_vsnodes_births: 2.
num_vsnodes_deaths: 0.
num_space_committed: 426.
num_space_uncommitted: 0.
num_chunks_returned_to_freelist: 3.
num_chunks_taken_from_freelist: 1295.
num_chunk_merges: 3.
num_chunk_splits: 917.
num_chunks_enlarged: 717.
num_inconsistent_stats: 0.

CodeHeap 'non-profiled nmethods': size=120000Kb used=2050Kb max_used=2050Kb free=117949Kb
 bounds [0x00000184a7cd0000, 0x00000184a7f40000, 0x00000184af200000]
CodeHeap 'profiled nmethods': size=120000Kb used=9175Kb max_used=9175Kb free=110824Kb
 bounds [0x00000184a0200000, 0x00000184a0b00000, 0x00000184a7730000]
CodeHeap 'non-nmethods': size=5760Kb used=1701Kb max_used=1720Kb free=4058Kb
 bounds [0x00000184a7730000, 0x00000184a79a0000, 0x00000184a7cd0000]
 total_blobs=5400 nmethods=4380 adapters=928
 compilation: enabled
              stopped_count=0, restarted_count=0
 full_count=0

Compilation events (20 events):
Event: 11.944 Thread 0x00000184ba41d2b0 4263       1       java.util.WeakHashMap$Entry::getValue (5 bytes)
Event: 11.944 Thread 0x00000184ba41d2b0 nmethod 4263 0x00000184a7ec5d90 code [0x00000184a7ec5f20, 0x00000184a7ec5fd8]
Event: 12.024 Thread 0x00000184ba41d2b0 4264       3       java.util.WeakHashMap$HashIterator::<init> (41 bytes)
Event: 12.024 Thread 0x00000184ba41d2b0 nmethod 4264 0x00000184a0ac7310 code [0x00000184a0ac74e0, 0x00000184a0ac79c8]
Event: 12.040 Thread 0x00000184b60ed980 4265       4       java.lang.invoke.Invokers$Holder::linkToTargetMethod (9 bytes)
Event: 12.041 Thread 0x00000184b60ed980 nmethod 4265 0x00000184a7ec6090 code [0x00000184a7ec6220, 0x00000184a7ec62f8]
Event: 12.119 Thread 0x00000184ba41d2b0 4266       3       java.util.concurrent.atomic.AtomicBoolean::set (14 bytes)
Event: 12.120 Thread 0x00000184ba41d2b0 nmethod 4266 0x00000184a0ac7b90 code [0x00000184a0ac7d20, 0x00000184a0ac7e98]
Event: 12.135 Thread 0x00000184ba41d2b0 4267       1       java.lang.Thread::isInterrupted (5 bytes)
Event: 12.136 Thread 0x00000184ba41d2b0 nmethod 4267 0x00000184a7ec6410 code [0x00000184a7ec65a0, 0x00000184a7ec6678]
Event: 12.142 Thread 0x00000184ba41d2b0 4268       3       javafx.scene.Node$9::invalidated (36 bytes)
Event: 12.144 Thread 0x00000184ba41d2b0 nmethod 4268 0x00000184a0ac7f10 code [0x00000184a0ac8260, 0x00000184a0ac9d78]
Event: 12.144 Thread 0x00000184ba41d2b0 4269       3       javafx.beans.property.ReadOnlyBooleanWrapper::fireValueChangedEvent (19 bytes)
Event: 12.145 Thread 0x00000184ba41d2b0 nmethod 4269 0x00000184a0aca610 code [0x00000184a0aca800, 0x00000184a0acad58]
Event: 12.145 Thread 0x00000184ba41d2b0 4270       3       javafx.scene.Node$$Lambda$248/0x0000000801156e08::invalidated (9 bytes)
Event: 12.145 Thread 0x00000184ba41d2b0 nmethod 4270 0x00000184a0acaf10 code [0x00000184a0acb0c0, 0x00000184a0acb268]
Event: 12.145 Thread 0x00000184ba41d2b0 4271       1       com.sun.javafx.scene.control.inputmap.InputMap$Mapping::getEventHandler (5 bytes)
Event: 12.145 Thread 0x00000184ba41d2b0 nmethod 4271 0x00000184a7ec6710 code [0x00000184a7ec68a0, 0x00000184a7ec6958]
Event: 12.152 Thread 0x00000184ba41d2b0 4272       1       javafx.scene.control.TextInputControl::getContent (5 bytes)
Event: 12.152 Thread 0x00000184ba41d2b0 nmethod 4272 0x00000184a7ec6a10 code [0x00000184a7ec6ba0, 0x00000184a7ec6c78]

GC Heap History (6 events):
Event: 0.864 GC heap before
{Heap before GC invocations=0 (full 0):
 garbage-first heap   total 129024K, used 13312K [0x0000000083a00000, 0x0000000100000000)
  region size 1024K, 13 young (13312K), 0 survivors (0K)
 Metaspace       used 2478K, committed 2752K, reserved 1114112K
  class space    used 257K, committed 384K, reserved 1048576K
}
Event: 0.866 GC heap after
{Heap after GC invocations=1 (full 0):
 garbage-first heap   total 129024K, used 1867K [0x0000000083a00000, 0x0000000100000000)
  region size 1024K, 2 young (2048K), 2 survivors (2048K)
 Metaspace       used 2478K, committed 2752K, reserved 1114112K
  class space    used 257K, committed 384K, reserved 1048576K
}
Event: 1.578 GC heap before
{Heap before GC invocations=1 (full 0):
 garbage-first heap   total 129024K, used 20299K [0x0000000083a00000, 0x0000000100000000)
  region size 1024K, 21 young (21504K), 2 survivors (2048K)
 Metaspace       used 11140K, committed 11328K, reserved 1114112K
  class space    used 1211K, committed 1280K, reserved 1048576K
}
Event: 1.582 GC heap after
{Heap after GC invocations=2 (full 0):
 garbage-first heap   total 129024K, used 4655K [0x0000000083a00000, 0x0000000100000000)
  region size 1024K, 3 young (3072K), 3 survivors (3072K)
 Metaspace       used 11140K, committed 11328K, reserved 1114112K
  class space    used 1211K, committed 1280K, reserved 1048576K
}
Event: 3.284 GC heap before
{Heap before GC invocations=2 (full 0):
 garbage-first heap   total 129024K, used 82479K [0x0000000083a00000, 0x0000000100000000)
  region size 1024K, 48 young (49152K), 3 survivors (3072K)
 Metaspace       used 21215K, committed 21504K, reserved 1114112K
  class space    used 2929K, committed 3072K, reserved 1048576K
}
Event: 3.298 GC heap after
{Heap after GC invocations=3 (full 0):
 garbage-first heap   total 129024K, used 46686K [0x0000000083a00000, 0x0000000100000000)
  region size 1024K, 10 young (10240K), 10 survivors (10240K)
 Metaspace       used 21215K, committed 21504K, reserved 1114112K
  class space    used 2929K, committed 3072K, reserved 1048576K
}

Dll operation events (20 events):
Event: 1.228 Loaded shared library C:\Users\DELL\.javacpp\cache\opencv-3.2.0-1.3-windows-x86_64.jar\org\bytedeco\javacpp\windows-x86_64\opencv_imgproc320.dll
Event: 1.235 Loaded shared library C:\Users\DELL\.javacpp\cache\opencv-3.2.0-1.3-windows-x86_64.jar\org\bytedeco\javacpp\windows-x86_64\jniopencv_core.dll
Event: 1.424 Loaded shared library C:\Program Files\Java\jdk-19\bin\awt.dll
Event: 1.634 Loaded shared library E:\javasdk\javafx-sdk-17.0.0.1\bin\javafx_font.dll
Event: 2.771 Loaded shared library E:\javasdk\javafx-sdk-17.0.0.1\bin\javafx_iio.dll
Event: 7.354 Loaded shared library C:\Users\DELL\.javacpp\cache\opencv-3.2.0-1.3-windows-x86_64.jar\org\bytedeco\javacpp\windows-x86_64\jniopencv_imgproc.dll
Event: 7.375 Loaded shared library C:\Users\DELL\.javacpp\cache\opencv-3.2.0-1.3-windows-x86_64.jar\org\bytedeco\javacpp\windows-x86_64\opencv_imgcodecs320.dll
Event: 7.379 Loaded shared library C:\Users\DELL\.javacpp\cache\opencv-3.2.0-1.3-windows-x86_64.jar\org\bytedeco\javacpp\windows-x86_64\jniopencv_imgcodecs.dll
Event: 7.430 Loaded shared library C:\Users\DELL\.javacpp\cache\opencv-3.2.0-1.3-windows-x86_64.jar\org\bytedeco\javacpp\windows-x86_64\opencv_videoio320.dll
Event: 7.436 Loaded shared library C:\Users\DELL\.javacpp\cache\opencv-3.2.0-1.3-windows-x86_64.jar\org\bytedeco\javacpp\windows-x86_64\jniopencv_videoio.dll
Event: 7.464 Loaded shared library C:\Users\DELL\.javacpp\cache\opencv-3.2.0-1.3-windows-x86_64.jar\org\bytedeco\javacpp\windows-x86_64\opencv_highgui320.dll
Event: 7.468 Loaded shared library C:\Users\DELL\.javacpp\cache\opencv-3.2.0-1.3-windows-x86_64.jar\org\bytedeco\javacpp\windows-x86_64\jniopencv_highgui.dll
Event: 7.492 Loaded shared library C:\Users\DELL\.javacpp\cache\opencv-3.2.0-1.3-windows-x86_64.jar\org\bytedeco\javacpp\windows-x86_64\opencv_ml320.dll
Event: 7.497 Loaded shared library C:\Users\DELL\.javacpp\cache\opencv-3.2.0-1.3-windows-x86_64.jar\org\bytedeco\javacpp\windows-x86_64\jniopencv_ml.dll
Event: 7.538 Loaded shared library C:\Users\DELL\.javacpp\cache\opencv-3.2.0-1.3-windows-x86_64.jar\org\bytedeco\javacpp\windows-x86_64\opencv_objdetect320.dll
Event: 7.543 Loaded shared library C:\Users\DELL\.javacpp\cache\opencv-3.2.0-1.3-windows-x86_64.jar\org\bytedeco\javacpp\windows-x86_64\jniopencv_objdetect.dll
Event: 7.577 Loaded shared library C:\Users\DELL\.javacpp\cache\opencv-3.2.0-1.3-windows-x86_64.jar\org\bytedeco\javacpp\windows-x86_64\opencv_face320.dll
Event: 7.581 Loaded shared library C:\Users\DELL\.javacpp\cache\opencv-3.2.0-1.3-windows-x86_64.jar\org\bytedeco\javacpp\windows-x86_64\jniopencv_face.dll
Event: 8.083 Loaded shared library C:\Program Files\Java\jdk-19\bin\verify.dll
Event: 8.298 Loaded shared library C:\Program Files\Java\jdk-19\bin\extnet.dll

Deoptimization events (20 events):
Event: 8.430 Thread 0x00000184baf99be0 Uncommon trap: trap_request=0xffffffbe fr.pc=0x00000184a7dfb7c8 relative=0x0000000000000588
Event: 8.430 Thread 0x00000184baf99be0 Uncommon trap: reason=profile_predicate action=maybe_recompile pc=0x00000184a7dfb7c8 method=com.sun.javafx.css.BitSet.addAll(Ljava/util/Collection;)Z @ 86 c2
Event: 8.430 Thread 0x00000184baf99be0 DEOPT PACKING pc=0x00000184a7dfb7c8 sp=0x0000007e905fc900
Event: 8.430 Thread 0x00000184baf99be0 DEOPT UNPACKING pc=0x00000184a779a5a3 sp=0x0000007e905fc860 mode 2
Event: 8.430 Thread 0x00000184baf99be0 Uncommon trap: trap_request=0xffffff45 fr.pc=0x00000184a7dce4b8 relative=0x0000000000000558
Event: 8.430 Thread 0x00000184baf99be0 Uncommon trap: reason=unstable_if action=reinterpret pc=0x00000184a7dce4b8 method=com.sun.javafx.css.BitSet.add(Ljava/lang/Object;)Z @ 91 c2
Event: 8.430 Thread 0x00000184baf99be0 DEOPT PACKING pc=0x00000184a7dce4b8 sp=0x0000007e905fd080
Event: 8.430 Thread 0x00000184baf99be0 DEOPT UNPACKING pc=0x00000184a779a5a3 sp=0x0000007e905fd030 mode 2
Event: 8.434 Thread 0x00000184baf99be0 Uncommon trap: trap_request=0xffffffbe fr.pc=0x00000184a7dfb7c8 relative=0x0000000000000588
Event: 8.434 Thread 0x00000184baf99be0 Uncommon trap: reason=profile_predicate action=maybe_recompile pc=0x00000184a7dfb7c8 method=com.sun.javafx.css.BitSet.addAll(Ljava/util/Collection;)Z @ 86 c2
Event: 8.434 Thread 0x00000184baf99be0 DEOPT PACKING pc=0x00000184a7dfb7c8 sp=0x0000007e905fcb20
Event: 8.434 Thread 0x00000184baf99be0 DEOPT UNPACKING pc=0x00000184a779a5a3 sp=0x0000007e905fca80 mode 2
Event: 8.434 Thread 0x00000184baf99be0 Uncommon trap: trap_request=0xffffffbe fr.pc=0x00000184a7dfb7c8 relative=0x0000000000000588
Event: 8.434 Thread 0x00000184baf99be0 Uncommon trap: reason=profile_predicate action=maybe_recompile pc=0x00000184a7dfb7c8 method=com.sun.javafx.css.BitSet.addAll(Ljava/util/Collection;)Z @ 86 c2
Event: 8.434 Thread 0x00000184baf99be0 DEOPT PACKING pc=0x00000184a7dfb7c8 sp=0x0000007e905fcb20
Event: 8.434 Thread 0x00000184baf99be0 DEOPT UNPACKING pc=0x00000184a779a5a3 sp=0x0000007e905fca80 mode 2
Event: 8.464 Thread 0x00000184bad1db70 Uncommon trap: trap_request=0xffffff45 fr.pc=0x00000184a7e5012c relative=0x000000000000008c
Event: 8.464 Thread 0x00000184bad1db70 Uncommon trap: reason=unstable_if action=reinterpret pc=0x00000184a7e5012c method=com.sun.javafx.geom.RectBounds.isEmpty()Z @ 21 c2
Event: 8.464 Thread 0x00000184bad1db70 DEOPT PACKING pc=0x00000184a7e5012c sp=0x0000007e903fd4b0
Event: 8.464 Thread 0x00000184bad1db70 DEOPT UNPACKING pc=0x00000184a779a5a3 sp=0x0000007e903fd440 mode 2

Classes loaded (20 events):
Event: 8.305 Loading class java/net/Socket$SocketOutputStream
Event: 8.305 Loading class java/net/Socket$SocketOutputStream done
Event: 8.305 Loading class sun/nio/ch/NioSocketImpl$2
Event: 8.305 Loading class sun/nio/ch/NioSocketImpl$2 done
Event: 8.305 Loading class sun/nio/ch/Util
Event: 8.306 Loading class sun/nio/ch/Util done
Event: 8.306 Loading class sun/nio/ch/Util$1
Event: 8.306 Loading class sun/nio/ch/Util$1 done
Event: 8.306 Loading class sun/nio/ch/Util$BufferCache
Event: 8.306 Loading class sun/nio/ch/Util$BufferCache done
Event: 8.306 Loading class sun/nio/ch/IOStatus
Event: 8.306 Loading class sun/nio/ch/IOStatus done
Event: 8.341 Loading class java/util/TimerTask
Event: 8.341 Loading class java/util/TimerTask done
Event: 8.348 Loading class java/util/regex/PatternSyntaxException
Event: 8.348 Loading class java/util/regex/PatternSyntaxException done
Event: 8.355 Loading class java/io/StringReader
Event: 8.355 Loading class java/io/StringReader done
Event: 8.386 Loading class java/time/Instant$1
Event: 8.386 Loading class java/time/Instant$1 done

Classes unloaded (0 events):
No events

Classes redefined (0 events):
No events

Internal exceptions (20 events):
Event: 2.329 Thread 0x00000184baf99be0 Exception <a 'java/lang/NoSuchMethodError'{0x0000000089c800d0}: 'void java.lang.invoke.DirectMethodHandle$Holder.invokeSpecialIFC(java.lang.Object, java.lang.Object, java.lang.Object, java.lang.Object)'> (0x0000000089c800d0) 
thrown [s\open\src\hotspot\share\interpreter\linkResolver.cpp, line 774]
Event: 2.626 Thread 0x00000184baf99be0 Exception <a 'java/lang/ClassNotFoundException'{0x0000000089bfb350}: com/sun/javafx/scene/control/skin/resources/controls> (0x0000000089bfb350) 
thrown [s\open\src\hotspot\share\prims\jni.cpp, line 536]
Event: 2.627 Thread 0x00000184baf99be0 Exception <a 'java/lang/ClassNotFoundException'{0x0000000089ac7f40}: com/sun/javafx/scene/control/skin/resources/controls_en> (0x0000000089ac7f40) 
thrown [s\open\src\hotspot\share\prims\jni.cpp, line 536]
Event: 2.628 Thread 0x00000184baf99be0 Exception <a 'java/lang/ClassNotFoundException'{0x0000000089acc240}: com/sun/javafx/scene/control/skin/resources/controls_en_IN> (0x0000000089acc240) 
thrown [s\open\src\hotspot\share\prims\jni.cpp, line 536]
Event: 2.652 Thread 0x00000184baf99be0 Exception <a 'java/lang/NoSuchMethodError'{0x0000000089977a08}: 'int java.lang.invoke.DirectMethodHandle$Holder.invokeSpecial(java.lang.Object, java.lang.Object, int)'> (0x0000000089977a08) 
thrown [s\open\src\hotspot\share\interpreter\linkResolver.cpp, line 774]
Event: 2.971 Thread 0x00000184baf99be0 Exception <a 'java/lang/NoSuchMethodError'{0x0000000089016b60}: 'void java.lang.invoke.DirectMethodHandle$Holder.invokeSpecial(java.lang.Object, java.lang.Object, java.lang.Object, java.lang.Object, java.lang.Object, java.lang.Object)'> (0x0000000089016b60) 
thrown [s\open\src\hotspot\share\interpreter\linkResolver.cpp, line 774]
Event: 2.973 Thread 0x00000184baf99be0 Implicit null exception at 0x00000184a7ddb4ef to 0x00000184a7ddbcac
Event: 3.165 Thread 0x00000184baf99be0 Exception <a 'java/lang/NoSuchMethodError'{0x0000000088a69ed8}: 'java.lang.Object java.lang.invoke.DirectMethodHandle$Holder.newInvokeSpecial(java.lang.Object, java.lang.Object, int)'> (0x0000000088a69ed8) 
thrown [s\open\src\hotspot\share\interpreter\linkResolver.cpp, line 774]
Event: 3.216 Thread 0x00000184baf99be0 Exception <a 'java/lang/NoSuchMethodError'{0x00000000889740c0}: 'long java.lang.invoke.DirectMethodHandle$Holder.invokeStatic(java.lang.Object, java.lang.Object, java.lang.Object)'> (0x00000000889740c0) 
thrown [s\open\src\hotspot\share\interpreter\linkResolver.cpp, line 774]
Event: 3.216 Thread 0x00000184baf99be0 Exception <a 'java/lang/NoSuchMethodError'{0x0000000088977738}: 'long java.lang.invoke.DirectMethodHandle$Holder.invokeStaticInit(java.lang.Object, java.lang.Object, java.lang.Object)'> (0x0000000088977738) 
thrown [s\open\src\hotspot\share\interpreter\linkResolver.cpp, line 774]
Event: 3.219 Thread 0x00000184baf99be0 Exception <a 'java/lang/NoSuchMethodError'{0x000000008898fae0}: 'java.lang.Object java.lang.invoke.DirectMethodHandle$Holder.newInvokeSpecial(java.lang.Object, java.lang.Object, long)'> (0x000000008898fae0) 
thrown [s\open\src\hotspot\share\interpreter\linkResolver.cpp, line 774]
Event: 3.219 Thread 0x00000184baf99be0 Exception <a 'java/lang/NoSuchMethodError'{0x0000000088993668}: 'java.lang.Object java.lang.invoke.Invokers$Holder.linkToTargetMethod(java.lang.Object, long, java.lang.Object)'> (0x0000000088993668) 
thrown [s\open\src\hotspot\share\interpreter\linkResolver.cpp, line 774]
Event: 3.589 Thread 0x00000184bad1db70 Exception <a 'java/lang/NoSuchMethodError'{0x000000008b236a28}: 'java.lang.Object java.lang.invoke.DirectMethodHandle$Holder.invokeStaticInit(java.lang.Object, int)'> (0x000000008b236a28) 
thrown [s\open\src\hotspot\share\interpreter\linkResolver.cpp, line 774]
Event: 7.274 Thread 0x00000184baf99be0 Exception <a 'java/lang/NoSuchMethodError'{0x000000008b018b70}: 'void java.lang.invoke.DirectMethodHandle$Holder.invokeVirtual(java.lang.Object, java.lang.Object)'> (0x000000008b018b70) 
thrown [s\open\src\hotspot\share\interpreter\linkResolver.cpp, line 774]
Event: 7.682 Thread 0x00000184baf99be0 Exception <a 'java/lang/NoSuchMethodError'{0x000000008a846ed8}: 'java.lang.Object java.lang.invoke.DirectMethodHandle$Holder.invokeStaticInit(java.lang.Object, int, int, int, int)'> (0x000000008a846ed8) 
thrown [s\open\src\hotspot\share\interpreter\linkResolver.cpp, line 774]
Event: 7.722 Thread 0x00000184baf99be0 Exception <a 'java/lang/NoSuchMethodError'{0x000000008a8aa4e8}: 'java.lang.Object java.lang.invoke.DirectMethodHandle$Holder.invokeStaticInit(java.lang.Object, java.lang.Object, int, int, int, int)'> (0x000000008a8aa4e8) 
thrown [s\open\src\hotspot\share\interpreter\linkResolver.cpp, line 774]
Event: 8.194 Thread 0x00000184baf99be0 Exception <a 'java/lang/NoSuchMethodError'{0x000000008a085e08}: 'java.lang.Object java.lang.invoke.DirectMethodHandle$Holder.newInvokeSpecial(java.lang.Object, java.lang.Object, int, java.lang.Object, java.lang.Object, java.lang.Object)'> (0x000000008a085e08) 
thrown [s\open\src\hotspot\share\interpreter\linkResolver.cpp, line 774]
Event: 8.194 Thread 0x00000184baf99be0 Exception <a 'java/lang/NoSuchMethodError'{0x000000008a08dfa0}: 'java.lang.Object java.lang.invoke.DelegatingMethodHandle$Holder.reinvoke_L(java.lang.Object, java.lang.Object, int, java.lang.Object, java.lang.Object, java.lang.Object)'> (0x000000008a08dfa0) 
thrown [s\open\src\hotspot\share\interpreter\linkResolver.cpp, line 774]
Event: 8.377 Thread 0x00000184baf99be0 Exception <a 'java/lang/NoSuchMethodError'{0x0000000089c3ca28}: 'long java.lang.invoke.DirectMethodHandle$Holder.invokeStatic(java.lang.Object, java.lang.Object, int)'> (0x0000000089c3ca28) 
thrown [s\open\src\hotspot\share\interpreter\linkResolver.cpp, line 774]
Event: 8.378 Thread 0x00000184baf99be0 Exception <a 'java/lang/NoSuchMethodError'{0x0000000089c478c8}: 'java.lang.Object java.lang.invoke.DelegatingMethodHandle$Holder.reinvoke_L(java.lang.Object, long, long, java.lang.Object, java.lang.Object)'> (0x0000000089c478c8) 
thrown [s\open\src\hotspot\share\interpreter\linkResolver.cpp, line 774]

VM Operations (20 events):
Event: 3.315 Executing VM operation: G1PauseCleanup
Event: 3.316 Executing VM operation: G1PauseCleanup done
Event: 4.317 Executing VM operation: Cleanup
Event: 4.317 Executing VM operation: Cleanup done
Event: 5.317 Executing VM operation: Cleanup
Event: 5.317 Executing VM operation: Cleanup done
Event: 6.317 Executing VM operation: Cleanup
Event: 6.318 Executing VM operation: Cleanup done
Event: 7.318 Executing VM operation: Cleanup
Event: 7.318 Executing VM operation: Cleanup done
Event: 7.691 Executing VM operation: HandshakeAllThreads
Event: 7.691 Executing VM operation: HandshakeAllThreads done
Event: 7.725 Executing VM operation: HandshakeAllThreads
Event: 7.725 Executing VM operation: HandshakeAllThreads done
Event: 8.159 Executing VM operation: HandshakeAllThreads
Event: 8.159 Executing VM operation: HandshakeAllThreads done
Event: 8.472 Executing VM operation: ICBufferFull
Event: 8.472 Executing VM operation: ICBufferFull done
Event: 10.472 Executing VM operation: Cleanup
Event: 10.472 Executing VM operation: Cleanup done

Events (20 events):
Event: 0.743 Thread 0x00000184bad1db70 Thread added: 0x00000184bad1db70
Event: 0.829 Thread 0x00000184bac2bd20 Thread added: 0x00000184bac2bd20
Event: 0.834 Thread 0x00000184baf99be0 Thread added: 0x00000184baf99be0
Event: 0.867 Thread 0x00000184ba5e1650 Thread exited: 0x00000184ba5e1650
Event: 0.919 Thread 0x00000184bb22fb80 Thread added: 0x00000184bb22fb80
Event: 0.919 Thread 0x00000184ba7fd700 Thread added: 0x00000184ba7fd700
Event: 1.143 Thread 0x00000184bba4bc00 Thread added: 0x00000184bba4bc00
Event: 1.348 Thread 0x00000184bbcc4070 Thread added: 0x00000184bbcc4070
Event: 1.458 Thread 0x00000184bbcc45c0 Thread added: 0x00000184bbcc45c0
Event: 1.459 Thread 0x00000184bbcc5060 Thread added: 0x00000184bbcc5060
Event: 1.460 Thread 0x00000184bbcc6af0 Thread added: 0x00000184bbcc6af0
Event: 2.269 Thread 0x00000184bbcc7040 Thread added: 0x00000184bbcc7040
Event: 2.465 Thread 0x00000184bbcc5060 Thread exited: 0x00000184bbcc5060
Event: 3.383 Thread 0x00000184bbcc55b0 Thread added: 0x00000184bbcc55b0
Event: 4.044 Thread 0x00000184bba4bc00 Thread exited: 0x00000184bba4bc00
Event: 7.759 Thread 0x00000184c0d0b820 Thread added: 0x00000184c0d0b820
Event: 8.048 Thread 0x00000184c0d0b820 Thread exited: 0x00000184c0d0b820
Event: 8.080 Thread 0x00000184c0c86230 Thread added: 0x00000184c0c86230
Event: 8.399 Thread 0x00000184c07de790 Thread added: 0x00000184c07de790
Event: 11.918 Thread 0x00000184c07de790 Thread exited: 0x00000184c07de790


Dynamic libraries:
0x00007ff7d8f60000 - 0x00007ff7d8f70000 	C:\Program Files\Java\jdk-19\bin\javaw.exe
0x00007fff143f0000 - 0x00007fff14604000 	C:\WINDOWS\SYSTEM32\ntdll.dll
0x00007fff12e00000 - 0x00007fff12ec2000 	C:\WINDOWS\System32\KERNEL32.DLL
0x00007fff11b60000 - 0x00007fff11efd000 	C:\WINDOWS\System32\KERNELBASE.dll
0x00007fff11f30000 - 0x00007fff12041000 	C:\WINDOWS\System32\ucrtbase.dll
0x00007fff09840000 - 0x00007fff09858000 	C:\Program Files\Java\jdk-19\bin\jli.dll
0x00007fff121f0000 - 0x00007fff1229e000 	C:\WINDOWS\System32\ADVAPI32.dll
0x00007fff136c0000 - 0x00007fff13767000 	C:\WINDOWS\System32\msvcrt.dll
0x00007fff12d40000 - 0x00007fff12de4000 	C:\WINDOWS\System32\sechost.dll
0x00007fff122e0000 - 0x00007fff123f5000 	C:\WINDOWS\System32\RPCRT4.dll
0x00007fff12800000 - 0x00007fff129aa000 	C:\WINDOWS\System32\USER32.dll
0x00007fff11f00000 - 0x00007fff11f26000 	C:\WINDOWS\System32\win32u.dll
0x00007fff13690000 - 0x00007fff136b9000 	C:\WINDOWS\System32\GDI32.dll
0x00007fff12050000 - 0x00007fff12162000 	C:\WINDOWS\System32\gdi32full.dll
0x00007fff11ac0000 - 0x00007fff11b5a000 	C:\WINDOWS\System32\msvcp_win.dll
0x00007fff0c820000 - 0x00007fff0c83b000 	C:\Program Files\Java\jdk-19\bin\VCRUNTIME140.dll
0x00007ffeebc30000 - 0x00007ffeebebe000 	C:\WINDOWS\WinSxS\amd64_microsoft.windows.common-controls_6595b64144ccf1df_6.0.22621.608_none_a9444ca7c10bb01d\COMCTL32.dll
0x00007fff0ade0000 - 0x00007fff0adea000 	C:\WINDOWS\SYSTEM32\VERSION.dll
0x00007fff122a0000 - 0x00007fff122d2000 	C:\WINDOWS\System32\IMM32.DLL
0x00007fff0e6f0000 - 0x00007fff0e6fc000 	C:\Program Files\Java\jdk-19\bin\vcruntime140_1.dll
0x00007ffefd8e0000 - 0x00007ffefd96e000 	C:\Program Files\Java\jdk-19\bin\msvcp140.dll
0x00007ffecff00000 - 0x00007ffed0bc0000 	C:\Program Files\Java\jdk-19\bin\server\jvm.dll
0x00007fff0ac90000 - 0x00007fff0ac99000 	C:\WINDOWS\SYSTEM32\WSOCK32.dll
0x00007fff12430000 - 0x00007fff124a1000 	C:\WINDOWS\System32\WS2_32.dll
0x00007fff09650000 - 0x00007fff09684000 	C:\WINDOWS\SYSTEM32\WINMM.dll
0x00007fff10850000 - 0x00007fff10868000 	C:\WINDOWS\SYSTEM32\kernel.appcore.dll
0x00007fff09820000 - 0x00007fff0982a000 	C:\Program Files\Java\jdk-19\bin\jimage.dll
0x00007fff0f000000 - 0x00007fff0f22e000 	C:\WINDOWS\SYSTEM32\DBGHELP.DLL
0x00007fff129b0000 - 0x00007fff12d3a000 	C:\WINDOWS\System32\combase.dll
0x00007fff134f0000 - 0x00007fff135c7000 	C:\WINDOWS\System32\OLEAUT32.dll
0x00007ffef07c0000 - 0x00007ffef07f2000 	C:\WINDOWS\SYSTEM32\dbgcore.DLL
0x00007fff12170000 - 0x00007fff121eb000 	C:\WINDOWS\System32\bcryptPrimitives.dll
0x00007ffeffec0000 - 0x00007ffeffee6000 	C:\Program Files\Java\jdk-19\bin\java.dll
0x00007ffee7f60000 - 0x00007ffee8037000 	C:\Program Files\Java\jdk-19\bin\jsvml.dll
0x00007fff13bd0000 - 0x00007fff143b0000 	C:\WINDOWS\System32\SHELL32.dll
0x00007fff0f810000 - 0x00007fff100d5000 	C:\WINDOWS\SYSTEM32\windows.storage.dll
0x00007fff0f6d0000 - 0x00007fff0f80e000 	C:\WINDOWS\SYSTEM32\wintypes.dll
0x00007fff137f0000 - 0x00007fff138e1000 	C:\WINDOWS\System32\SHCORE.dll
0x00007fff126b0000 - 0x00007fff1270e000 	C:\WINDOWS\System32\shlwapi.dll
0x00007fff11750000 - 0x00007fff11771000 	C:\WINDOWS\SYSTEM32\profapi.dll
0x00007fff02b00000 - 0x00007fff02b13000 	C:\Program Files\Java\jdk-19\bin\net.dll
0x00007fff093d0000 - 0x00007fff094ff000 	C:\WINDOWS\SYSTEM32\WINHTTP.dll
0x00007fff10ca0000 - 0x00007fff10d09000 	C:\WINDOWS\system32\mswsock.dll
0x00007fff02260000 - 0x00007fff02276000 	C:\Program Files\Java\jdk-19\bin\nio.dll
0x00007fff00b40000 - 0x00007fff00b58000 	C:\Program Files\Java\jdk-19\bin\zip.dll
0x00000184981f0000 - 0x00000184981f3000 	E:\javasdk\javafx-sdk-17.0.0.1\bin\api-ms-win-core-console-l1-1-0.dll
0x0000018498200000 - 0x0000018498203000 	E:\javasdk\javafx-sdk-17.0.0.1\bin\api-ms-win-core-console-l1-2-0.dll
0x0000018498210000 - 0x0000018498213000 	E:\javasdk\javafx-sdk-17.0.0.1\bin\api-ms-win-core-datetime-l1-1-0.dll
0x0000018498220000 - 0x0000018498223000 	E:\javasdk\javafx-sdk-17.0.0.1\bin\api-ms-win-core-debug-l1-1-0.dll
0x0000018498230000 - 0x0000018498233000 	E:\javasdk\javafx-sdk-17.0.0.1\bin\api-ms-win-core-errorhandling-l1-1-0.dll
0x0000018498240000 - 0x0000018498244000 	E:\javasdk\javafx-sdk-17.0.0.1\bin\api-ms-win-core-file-l1-1-0.dll
0x0000018498250000 - 0x0000018498253000 	E:\javasdk\javafx-sdk-17.0.0.1\bin\api-ms-win-core-file-l1-2-0.dll
0x00000184b6240000 - 0x00000184b6243000 	E:\javasdk\javafx-sdk-17.0.0.1\bin\api-ms-win-core-file-l2-1-0.dll
0x00000184b6250000 - 0x00000184b6253000 	E:\javasdk\javafx-sdk-17.0.0.1\bin\api-ms-win-core-handle-l1-1-0.dll
0x00000184b6260000 - 0x00000184b6263000 	E:\javasdk\javafx-sdk-17.0.0.1\bin\api-ms-win-core-heap-l1-1-0.dll
0x00000184b6270000 - 0x00000184b6273000 	E:\javasdk\javafx-sdk-17.0.0.1\bin\api-ms-win-core-interlocked-l1-1-0.dll
0x00000184b6280000 - 0x00000184b6283000 	E:\javasdk\javafx-sdk-17.0.0.1\bin\api-ms-win-core-libraryloader-l1-1-0.dll
0x00000184b6290000 - 0x00000184b6293000 	E:\javasdk\javafx-sdk-17.0.0.1\bin\api-ms-win-core-localization-l1-2-0.dll
0x00000184b62a0000 - 0x00000184b62a3000 	E:\javasdk\javafx-sdk-17.0.0.1\bin\api-ms-win-core-memory-l1-1-0.dll
0x00000184b62b0000 - 0x00000184b62b3000 	E:\javasdk\javafx-sdk-17.0.0.1\bin\api-ms-win-core-namedpipe-l1-1-0.dll
0x00000184b62c0000 - 0x00000184b62c3000 	E:\javasdk\javafx-sdk-17.0.0.1\bin\api-ms-win-core-processenvironment-l1-1-0.dll
0x00000184b62d0000 - 0x00000184b62d3000 	E:\javasdk\javafx-sdk-17.0.0.1\bin\api-ms-win-core-processthreads-l1-1-0.dll
0x00000184b62e0000 - 0x00000184b62e3000 	E:\javasdk\javafx-sdk-17.0.0.1\bin\api-ms-win-core-processthreads-l1-1-1.dll
0x00000184b62f0000 - 0x00000184b62f3000 	E:\javasdk\javafx-sdk-17.0.0.1\bin\api-ms-win-core-profile-l1-1-0.dll
0x00000184b6300000 - 0x00000184b6303000 	E:\javasdk\javafx-sdk-17.0.0.1\bin\api-ms-win-core-rtlsupport-l1-1-0.dll
0x00000184b6310000 - 0x00000184b6313000 	E:\javasdk\javafx-sdk-17.0.0.1\bin\api-ms-win-core-string-l1-1-0.dll
0x00000184b6320000 - 0x00000184b6323000 	E:\javasdk\javafx-sdk-17.0.0.1\bin\api-ms-win-core-synch-l1-1-0.dll
0x00000184b6330000 - 0x00000184b6333000 	E:\javasdk\javafx-sdk-17.0.0.1\bin\api-ms-win-core-synch-l1-2-0.dll
0x00000184b6340000 - 0x00000184b6343000 	E:\javasdk\javafx-sdk-17.0.0.1\bin\api-ms-win-core-sysinfo-l1-1-0.dll
0x00000184b6350000 - 0x00000184b6353000 	E:\javasdk\javafx-sdk-17.0.0.1\bin\api-ms-win-core-timezone-l1-1-0.dll
0x00000184b6360000 - 0x00000184b6363000 	E:\javasdk\javafx-sdk-17.0.0.1\bin\api-ms-win-core-util-l1-1-0.dll
0x00000184b6370000 - 0x00000184b6373000 	E:\javasdk\javafx-sdk-17.0.0.1\bin\api-ms-win-crt-conio-l1-1-0.dll
0x00000184b6380000 - 0x00000184b6384000 	E:\javasdk\javafx-sdk-17.0.0.1\bin\api-ms-win-crt-convert-l1-1-0.dll
0x00000184b6390000 - 0x00000184b6393000 	E:\javasdk\javafx-sdk-17.0.0.1\bin\api-ms-win-crt-environment-l1-1-0.dll
0x00000184b63a0000 - 0x00000184b63a3000 	E:\javasdk\javafx-sdk-17.0.0.1\bin\api-ms-win-crt-filesystem-l1-1-0.dll
0x00000184b63b0000 - 0x00000184b63b3000 	E:\javasdk\javafx-sdk-17.0.0.1\bin\api-ms-win-crt-heap-l1-1-0.dll
0x00000184b63c0000 - 0x00000184b63c3000 	E:\javasdk\javafx-sdk-17.0.0.1\bin\api-ms-win-crt-locale-l1-1-0.dll
0x00000184b63d0000 - 0x00000184b63d5000 	E:\javasdk\javafx-sdk-17.0.0.1\bin\api-ms-win-crt-math-l1-1-0.dll
0x00000184b63e0000 - 0x00000184b63e5000 	E:\javasdk\javafx-sdk-17.0.0.1\bin\api-ms-win-crt-multibyte-l1-1-0.dll
0x00000184b63f0000 - 0x00000184b6400000 	E:\javasdk\javafx-sdk-17.0.0.1\bin\api-ms-win-crt-private-l1-1-0.dll
0x00000184bbfd0000 - 0x00000184bbfd3000 	E:\javasdk\javafx-sdk-17.0.0.1\bin\api-ms-win-crt-process-l1-1-0.dll
0x00000184bbfe0000 - 0x00000184bbfe4000 	E:\javasdk\javafx-sdk-17.0.0.1\bin\api-ms-win-crt-runtime-l1-1-0.dll
0x00000184bbff0000 - 0x00000184bbff4000 	E:\javasdk\javafx-sdk-17.0.0.1\bin\api-ms-win-crt-stdio-l1-1-0.dll
0x00000184bc000000 - 0x00000184bc004000 	E:\javasdk\javafx-sdk-17.0.0.1\bin\api-ms-win-crt-string-l1-1-0.dll
0x00000184bc010000 - 0x00000184bc013000 	E:\javasdk\javafx-sdk-17.0.0.1\bin\api-ms-win-crt-time-l1-1-0.dll
0x00000184bc020000 - 0x00000184bc023000 	E:\javasdk\javafx-sdk-17.0.0.1\bin\api-ms-win-crt-utility-l1-1-0.dll
0x00007ffee6ba0000 - 0x00007ffee6c9c000 	E:\javasdk\javafx-sdk-17.0.0.1\bin\ucrtbase.dll
0x00007fff008c0000 - 0x00007fff008da000 	E:\javasdk\javafx-sdk-17.0.0.1\bin\vcruntime140.dll
0x00007fff03860000 - 0x00007fff0386c000 	E:\javasdk\javafx-sdk-17.0.0.1\bin\vcruntime140_1.dll
0x00007ffeef8e0000 - 0x00007ffeef96d000 	E:\javasdk\javafx-sdk-17.0.0.1\bin\msvcp140.dll
0x00007ffefd8b0000 - 0x00007ffefd8da000 	E:\javasdk\javafx-sdk-17.0.0.1\bin\prism_d3d.dll
0x00007ffed7b40000 - 0x00007ffed7ce9000 	C:\WINDOWS\system32\d3d9.dll
0x00007fff0ece0000 - 0x00007fff0ed0b000 	C:\WINDOWS\SYSTEM32\dwmapi.dll
0x00007fff0eaa0000 - 0x00007fff0ead6000 	C:\WINDOWS\SYSTEM32\dxcore.dll
0x00007fff0e990000 - 0x00007fff0ea3b000 	C:\WINDOWS\system32\uxtheme.dll
0x00007ffedb0b0000 - 0x00007ffedb215000 	C:\WINDOWS\System32\DriverStore\FileRepository\iigd_dch.inf_amd64_d8b7fef7fc5b1320\igdumdim64.dll
0x00007fff12ed0000 - 0x00007fff1306c000 	C:\WINDOWS\System32\ole32.dll
0x00007ffe7e1c0000 - 0x00007ffe82b01000 	C:\WINDOWS\System32\DriverStore\FileRepository\iigd_dch.inf_amd64_d8b7fef7fc5b1320\igd9dxva64.dll
0x00007fff13070000 - 0x00007fff134ea000 	C:\WINDOWS\System32\SETUPAPI.dll
0x00007fff11420000 - 0x00007fff1146e000 	C:\WINDOWS\SYSTEM32\cfgmgr32.dll
0x00007fff07320000 - 0x00007fff075e8000 	C:\WINDOWS\System32\DriverStore\FileRepository\iigd_dch.inf_amd64_d8b7fef7fc5b1320\igdgmm64.dll
0x00007fff0c360000 - 0x00007fff0c3a9000 	C:\WINDOWS\SYSTEM32\directxdatabasehelper.dll
0x00007ffef0930000 - 0x00007ffef0972000 	E:\javasdk\javafx-sdk-17.0.0.1\bin\glass.dll
0x00007fff138f0000 - 0x00007fff139e6000 	C:\WINDOWS\System32\COMDLG32.dll
0x00007fff12590000 - 0x00007fff126ae000 	C:\WINDOWS\System32\MSCTF.dll
0x00007fff02360000 - 0x00007fff02387000 	C:\WINDOWS\System32\DriverStore\FileRepository\iigd_dch.inf_amd64_d8b7fef7fc5b1320\igdinfo64.dll
0x00007fff04750000 - 0x00007fff07317000 	C:\WINDOWS\System32\DriverStore\FileRepository\iigd_dch.inf_amd64_d8b7fef7fc5b1320\igc64.dll
0x00007ffee6ab0000 - 0x00007ffee6b9f000 	C:\Users\DELL\.javacpp\cache\opencv-3.2.0-1.3-windows-x86_64.jar\org\bytedeco\javacpp\windows-x86_64\msvcr120.dll
0x00007ffeef3d0000 - 0x00007ffeef476000 	C:\Users\DELL\.javacpp\cache\opencv-3.2.0-1.3-windows-x86_64.jar\org\bytedeco\javacpp\windows-x86_64\msvcp120.dll
0x00007ffed78b0000 - 0x00007ffed7b38000 	C:\Users\DELL\.javacpp\cache\opencv-3.2.0-1.3-windows-x86_64.jar\org\bytedeco\javacpp\windows-x86_64\opencv_core320.dll
0x00007ffed7440000 - 0x00007ffed77a2000 	C:\Users\DELL\.javacpp\cache\opencv-3.2.0-1.3-windows-x86_64.jar\org\bytedeco\javacpp\windows-x86_64\opencv_imgproc320.dll
0x00007ffed71f0000 - 0x00007ffed743a000 	C:\Users\DELL\.javacpp\cache\opencv-3.2.0-1.3-windows-x86_64.jar\org\bytedeco\javacpp\windows-x86_64\jniopencv_core.dll
0x00007fff139f0000 - 0x00007fff139f8000 	C:\WINDOWS\System32\PSAPI.DLL
0x00007ffed7050000 - 0x00007ffed71e1000 	C:\Program Files\Java\jdk-19\bin\awt.dll
0x00007fff0e7c0000 - 0x00007fff0e857000 	C:\WINDOWS\SYSTEM32\apphelp.dll
0x00007ffeffea0000 - 0x00007ffeffeb4000 	E:\javasdk\javafx-sdk-17.0.0.1\bin\javafx_font.dll
0x00007fff0d2c0000 - 0x00007fff0d527000 	C:\WINDOWS\SYSTEM32\dwrite.dll
0x00007fff135d0000 - 0x00007fff13687000 	C:\WINDOWS\System32\clbcatq.dll
0x00007fff0d060000 - 0x00007fff0d210000 	C:\WINDOWS\SYSTEM32\WindowsCodecs.dll
0x00007ffeee4a0000 - 0x00007ffeee4fe000 	C:\WINDOWS\system32\dataexchange.dll
0x00007fff0a050000 - 0x00007fff0a2ba000 	C:\WINDOWS\system32\twinapi.appcore.dll
0x00007ffefd780000 - 0x00007ffefd7b2000 	C:\Program Files\Common Files\Microsoft Shared\Ink\rtscom.dll
0x00007ffefd0f0000 - 0x00007ffefd21d000 	C:\WINDOWS\SYSTEM32\textinputframework.dll
0x00007fff0dfb0000 - 0x00007fff0e0e3000 	C:\WINDOWS\SYSTEM32\CoreMessaging.dll
0x00007fff0bc20000 - 0x00007fff0bf8c000 	C:\WINDOWS\SYSTEM32\CoreUIComponents.dll
0x00007fff10f90000 - 0x00007fff10f9c000 	C:\WINDOWS\SYSTEM32\CRYPTBASE.DLL
0x00007ffefd020000 - 0x00007ffefd04d000 	E:\javasdk\javafx-sdk-17.0.0.1\bin\javafx_iio.dll
0x00007fff0d530000 - 0x00007fff0daf1000 	C:\WINDOWS\SYSTEM32\d2d1.dll

dbghelp: loaded successfully - version: 4.0.5 - missing functions: none
symbol engine: initialized successfully - sym options: 0x614 - pdb path: .;C:\Program Files\Java\jdk-19\bin;C:\WINDOWS\SYSTEM32;C:\WINDOWS\WinSxS\amd64_microsoft.windows.common-controls_6595b64144ccf1df_6.0.22621.608_none_a9444ca7c10bb01d;C:\Program Files\Java\jdk-19\bin\server;E:\javasdk\javafx-sdk-17.0.0.1\bin;C:\WINDOWS\System32\DriverStore\FileRepository\iigd_dch.inf_amd64_d8b7fef7fc5b1320;C:\Users\DELL\.javacpp\cache\opencv-3.2.0-1.3-windows-x86_64.jar\org\bytedeco\javacpp\windows-x86_64;C:\Program Files\Common Files\Microsoft Shared\Ink;C:\WINDOWS\WinSxS\amd64_microsoft.windows.gdiplus_6595b64144ccf1df_1.1.22621.819_none_da30437f1b9d3de1

VM Arguments:
jvm_args: --module-path=E:\javasdk\javafx-sdk-17.0.0.1\lib --add-modules=javafx.controls,javafx.fxml -Djava.library.path=C:\Users\Administrator\Desktop\opencv\build\java\x64 -Dfile.encoding=UTF-8 -XX:+ShowCodeDetailsInExceptionMessages 
java_command: application.Main
java_class_path (initial): E:\ExoVisix-master\ExoVisix-master\target\classes;E:\ExoVisix-master\ExoVisix-master\bin\opencv-341.jar;E:\javasdk\javafx-sdk-17.0.0.1\lib\javafx.base.jar;E:\javasdk\javafx-sdk-17.0.0.1\lib\javafx.controls.jar;E:\javasdk\javafx-sdk-17.0.0.1\lib\javafx.fxml.jar;E:\javasdk\javafx-sdk-17.0.0.1\lib\javafx.graphics.jar;E:\javasdk\javafx-sdk-17.0.0.1\lib\javafx.media.jar;E:\javasdk\javafx-sdk-17.0.0.1\lib\javafx.swing.jar;E:\javasdk\javafx-sdk-17.0.0.1\lib\javafx.web.jar;E:\javasdk\javafx-sdk-17.0.0.1\lib\javafx-swt.jar;C:\Users\DELL\.m2\repository\org\bytedeco\javacv-platform\1.3.2\javacv-platform-1.3.2.jar;C:\Users\DELL\.m2\repository\org\bytedeco\javacv\1.3.2\javacv-1.3.2.jar;C:\Users\DELL\.m2\repository\org\bytedeco\javacpp\1.3.2\javacpp-1.3.2.jar;C:\Users\DELL\.m2\repository\org\bytedeco\javacpp-presets\opencv\3.2.0-1.3\opencv-3.2.0-1.3.jar;C:\Users\DELL\.m2\repository\org\bytedeco\javacpp-presets\ffmpeg\3.2.1-1.3\ffmpeg-3.2.1-1.3.jar;C:\Users\DELL\.m2\repository\org\bytedeco\javacpp-presets\flycapture\2.9.3.43-1.3\flycapture-2.9.3.43-1.3.jar;C:\Users\DELL\.m2\repository\org\bytedeco\javacpp-presets\libdc1394\2.2.4-1.3\libdc1394-2.2.4-1.3.jar;C:\Users\DELL\.m2\repository\org\bytedeco\javacpp-presets\libfreenect\0.5.3-1.3\libfreenect-0.5.3-1.3.jar;C:\Users\DELL\.m2\repository\org\bytedeco\javacpp-presets\libfreenect2\0.2.0-1.3\libfreenect2-0.2.0-1.3.jar;C:\Users\DELL\.m2\repository\org\bytedeco\javacpp-presets\librealsense\1.9.6-1.3\librealsense-1.9.6-1.3.jar;C:\Users\DELL\.m2\repository\org\bytedeco\javacpp-presets\videoinput\0.200-1.3\videoinput-0.200-1.3.jar;C:\Users\DELL\.m2\repository\org\bytedeco\javacpp-presets\artoolkitplus\2.3.1-1.3\artoolkitplus-2.3.1-1.3.jar;C:\Users\DELL\.m2\repository\org\bytedeco\javacpp-presets\flandmark\1.07-1.3\flandmark-1.07-1.3.jar;C:\Users\DELL\.m2\repository\org\bytedeco\javacpp-presets\opencv-platform\3.2.0-1.3\opencv-platform-3.2.0-1.3.jar;C:\Users\DELL\.m2\repository\org\bytedeco\javacpp-presets\opencv\3.2.0-1.3\opencv-3.2.0-1.3-android-arm.jar;C:\Users\DELL\.m2\repository\org\bytedeco\javacpp-presets\opencv\3.2.0-1.3\opencv-3.2.0-1.3-android-x86.jar;C:\Users\DELL\.m2\repository\org\bytedeco\javacpp-presets\opencv\3.2.0-1.3\opencv-3.2.0-1.3-linux-x86.jar;C:\Users\DELL\.m2\repository\org\bytedeco\javacpp-presets\opencv\3.2.0-1.3\opencv-3.2.0-1.3-linux-x86_64.jar;C:\Users\DELL\.m2\repository\org\bytedeco\javacpp-presets\opencv\3.2.0-1.3\opencv-3.2.0-1.3-linux-armhf.jar;C:\Users\DELL\.m2\repository\org\bytedeco\javacpp-presets\opencv\3.2.0-1.3\opencv-3.2.0-1.3-linux-ppc64le.jar;C:\Users\DELL\.m2\repository\org\bytedeco\javacpp-presets\opencv\3.2.0-1.3\opencv-3.2.0-1.3-macosx-x86_64.jar;C:\Users\DELL\.m2\repository\org\bytedeco\javacpp-presets\opencv\3.2.0-1.3\opencv-3.2.0-1.3-windows-x86.jar;C:\Users\DELL\.m2\repository\org\bytedeco\javacpp-presets\opencv\3.2.0-1.3\opencv-3.2.0-1.3-windows-x86_64.jar;C:\Users\DELL\.m2\repository\org\bytedeco\javacpp-presets\ffmpeg-platform\3.2.1-1.3\ffmpeg-platform-3.2.1-1.3.jar;C:\Users\DELL\.m2\repository\org\bytedeco\javacpp-presets\ffmpeg\3.2.1-1.3\ffmpeg-3.2.1-1.3-android-arm.jar;C:\Users\DELL\.m2\repository\org\bytedeco\javacpp-presets\ffmpeg\3.2.1-1.3\ffmpeg-3.2.1-1.3-android-x86.jar;C:\Users\DELL\.m2\repository\org\bytedeco\javacpp-presets\ffmpeg\3.2.1-1.3\ffmpeg-3.2.1-1.3-linux-x86.jar;C:\Users\DELL\.m2\repository\org\bytedeco\javacpp-presets\ffmpeg\3.2.1-1.3\ffmpeg-3.2.1-1.3-linux-x86_64.jar;C:\Users\DELL\.m2\repository\org\bytedeco\javacpp-presets\ffmpeg\3.2.1-1.3\ffmpeg-3.2.1-1.3-linux-armhf.jar;C:\Users\DELL\.m2\repository\org\bytedeco\javacpp-presets\ffmpeg\3.2.1-1.3\ffmpeg-3.2.1-1.3-linux-ppc64le.jar;C:\Users\DELL\.m2\repository\org\bytedeco\javacpp-presets\ffmpeg\3.2.1-1.3\ffmpeg-3.2.1-1.3-macosx-x86_64.jar;C:\Users\DELL\.m2\repository\org\bytedeco\javacpp-presets\ffmpeg\3.2.1-1.3\ffmpeg-3.2.1-1.3-windows-x86.jar;C:\Users\DELL\.m2\repository\org\bytedeco\javacpp-presets\ffmpeg\3.2.1-1.3\ffmpeg-3.2.1-1.3-windows-x86_64.jar;C:\Users\DELL\.m2\repository\org\bytedeco\javacpp-presets\flycapture-platform\2.9.3.43-1.3\flycapture-platform-2.9.3.43-1.3.jar;C:\Users\DELL\.m2\repository\org\bytedeco\javacpp-presets\flycapture\2.9.3.43-1.3\flycapture-2.9.3.43-1.3-linux-x86.jar;C:\Users\DELL\.m2\repository\org\bytedeco\javacpp-presets\flycapture\2.9.3.43-1.3\flycapture-2.9.3.43-1.3-linux-x86_64.jar;C:\Users\DELL\.m2\repository\org\bytedeco\javacpp-presets\flycapture\2.9.3.43-1.3\flycapture-2.9.3.43-1.3-linux-armhf.jar;C:\Users\DELL\.m2\repository\org\bytedeco\javacpp-presets\flycapture\2.9.3.43-1.3\flycapture-2.9.3.43-1.3-windows-x86.jar;C:\Users\DELL\.m2\repository\org\bytedeco\javacpp-presets\flycapture\2.9.3.43-1.3\flycapture-2.9.3.43-1.3-windows-x86_64.jar;C:\Users\DELL\.m2\repository\org\bytedeco\javacpp-presets\libdc1394-platform\2.2.4-1.3\libdc1394-platform-2.2.4-1.3.jar;C:\Users\DELL\.m2\repository\org\bytedeco\javacpp-presets\libdc1394\2.2.4-1.3\libdc1394-2.2.4-1.3-linux-x86.jar;C:\Users\DELL\.m2\repository\org\bytedeco\javacpp-presets\libdc1394\2.2.4-1.3\libdc1394-2.2.4-1.3-linux-x86_64.jar;C:\Users\DELL\.m2\repository\org\bytedeco\javacpp-presets\libdc1394\2.2.4-1.3\libdc1394-2.2.4-1.3-linux-armhf.jar;C:\Users\DELL\.m2\repository\org\bytedeco\javacpp-presets\libdc1394\2.2.4-1.3\libdc1394-2.2.4-1.3-linux-ppc64le.jar;C:\Users\DELL\.m2\repository\org\bytedeco\javacpp-presets\libdc1394\2.2.4-1.3\libdc1394-2.2.4-1.3-macosx-x86_64.jar;C:\Users\DELL\.m2\repository\org\bytedeco\javacpp-presets\libdc1394\2.2.4-1.3\libdc1394-2.2.4-1.3-windows-x86.jar;C:\Users\DELL\.m2\repository\org\bytedeco\javacpp-presets\libdc1394\2.2.4-1.3\libdc1394-2.2.4-1.3-windows-x86_64.jar;C:\Users\DELL\.m2\repository\org\bytedeco\javacpp-presets\libfreenect-platform\0.5.3-1.3\libfreenect-platform-0.5.3-1.3.jar;C:\Users\DELL\.m2\repository\org\bytedeco\javacpp-presets\libfreenect\0.5.3-1.3\libfreenect-0.5.3-1.3-linux-x86.jar;C:\Users\DELL\.m2\repository\org\bytedeco\javacpp-presets\libfreenect\0.5.3-1.3\libfreenect-0.5.3-1.3-linux-x86_64.jar;C:\Users\DELL\.m2\repository\org\bytedeco\javacpp-presets\libfreenect\0.5.3-1.3\libfreenect-0.5.3-1.3-linux-armhf.jar;C:\Users\DELL\.m2\repository\org\bytedeco\javacpp-presets\libfreenect\0.5.3-1.3\libfreenect-0.5.3-1.3-linux-ppc64le.jar;C:\Users\DELL\.m2\repository\org\bytedeco\javacpp-presets\libfreenect\0.5.3-1.3\libfreenect-0.5.3-1.3-macosx-x86_64.jar;C:\Users\DELL\.m2\repository\org\bytedeco\javacpp-presets\libfreenect\0.5.3-1.3\libfreenect-0.5.3-1.3-windows-x86.jar;C:\Users\DELL\.m2\repository\org\bytedeco\javacpp-presets\libfreenect\0.5.3-1.3\libfreenect-0.5.3-1.3-windows-x86_64.jar;C:\Users\DELL\.m2\repository\org\bytedeco\javacpp-presets\libfreenect2-platform\0.2.0-1.3\libfreenect2-platform-0.2.0-1.3.jar;C:\Users\DELL\.m2\repository\org\bytedeco\javacpp-presets\libfreenect2\0.2.0-1.3\libfreenect2-0.2.0-1.3-linux-x86.jar;C:\Users\DELL\.m2\repository\org\bytedeco\javacpp-presets\libfreenect2\0.2.0-1.3\libfreenect2-0.2.0-1.3-linux-x86_64.jar;C:\Users\DELL\.m2\repository\org\bytedeco\javacpp-presets\librealsense-platform\1.9.6-1.3\librealsense-platform-1.9.6-1.3.jar;C:\Users\DELL\.m2\repository\org\bytedeco\javacpp-presets\librealsense\1.9.6-1.3\librealsense-1.9.6-1.3-linux-x86.jar;C:\Users\DELL\.m2\repository\org\bytedeco\javacpp-presets\librealsense\1.9.6-1.3\librealsense-1.9.6-1.3-linux-x86_64.jar;C:\Users\DELL\.m2\repository\org\bytedeco\javacpp-presets\videoinput-platform\0.200-1.3\videoinput-platform-0.200-1.3.jar;C:\Users\DELL\.m2\repository\org\bytedeco\javacpp-presets\videoinput\0.200-1.3\videoinput-0.200-1.3-windows-x86.jar;C:\Users\DELL\.m2\repository\org\bytedeco\javacpp-presets\videoinput\0.200-1.3\videoinput-0.200-1.3-windows-x86_64.jar;C:\Users\DELL\.m2\repository\org\bytedeco\javacpp-presets\artoolkitplus-platform\2.3.1-1.3\artoolkitplus-platform-2.3.1-1.3.jar;C:\Users\DELL\.m2\repository\org\bytedeco\javacpp-presets\artoolkitplus\2.3.1-1.3\artoolkitplus-2.3.1-1.3-android-arm.jar;C:\Users\DELL\.m2\repository\org\bytedeco\javacpp-presets\artoolkitplus\2.3.1-1.3\artoolkitplus-2.3.1-1.3-android-x86.jar;C:\Users\DELL\.m2\repository\org\bytedeco\javacpp-presets\artoolkitplus\2.3.1-1.3\artoolkitplus-2.3.1-1.3-linux-x86.jar;C:\Users\DELL\.m2\repository\org\bytedeco\javacpp-presets\artoolkitplus\2.3.1-1.3\artoolkitplus-2.3.1-1.3-linux-x86_64.jar;C:\Users\DELL\.m2\repository\org\bytedeco\javacpp-presets\artoolkitplus\2.3.1-1.3\artoolkitplus-2.3.1-1.3-linux-armhf.jar;C:\Users\DELL\.m2\repository\org\bytedeco\javacpp-presets\artoolkitplus\2.3.1-1.3\artoolkitplus-2.3.1-1.3-linux-ppc64le.jar;C:\Users\DELL\.m2\repository\org\bytedeco\javacpp-presets\artoolkitplus\2.3.1-1.3\artoolkitplus-2.3.1-1.3-macosx-x86_64.jar;C:\Users\DELL\.m2\repository\org\bytedeco\javacpp-presets\artoolkitplus\2.3.1-1.3\artoolkitplus-2.3.1-1.3-windows-x86.jar;C:\Users\DELL\.m2\repository\org\bytedeco\javacpp-presets\artoolkitplus\2.3.1-1.3\artoolkitplus-2.3.1-1.3-windows-x86_64.jar;C:\Users\DELL\.m2\repository\org\bytedeco\javacpp-presets\flandmark-platform\1.07-1.3\flandmark-platform-1.07-1.3.jar;C:\Users\DELL\.m2\repository\org\bytedeco\javacpp-presets\flandmark\1.07-1.3\flandmark-1.07-1.3-android-arm.jar;C:\Users\DELL\.m2\repository\org\bytedeco\javacpp-presets\flandmark\1.07-1.3\flandmark-1.07-1.3-android-x86.jar;C:\Users\DELL\.m2\repository\org\bytedeco\javacpp-presets\flandmark\1.07-1.3\flandmark-1.07-1.3-linux-x86.jar;C:\Users\DELL\.m2\repository\org\bytedeco\javacpp-presets\flandmark\1.07-1.3\flandmark-1.07-1.3-linux-x86_64.jar;C:\Users\DELL\.m2\repository\org\bytedeco\javacpp-presets\flandmark\1.07-1.3\flandmark-1.07-1.3-linux-armhf.jar;C:\Users\DELL\.m2\repository\org\bytedeco\javacpp-presets\flandmark\1.07-1.3\flandmark-1.07-1.3-linux-ppc64le.jar;C:\Users\DELL\.m2\repository\org\bytedeco\javacpp-presets\flandmark\1.07-1.3\flandmark-1.07-1.3-macosx-x86_64.jar;C:\Users\DELL\.m2\repository\org\bytedeco\javacpp-presets\flandmark\1.07-1.3\flandmark-1.07-1.3-windows-x86.jar;C:\Users\DELL\.m2\repository\org\bytedeco\javacpp-presets\flandmark\1.07-1.3\flandmark-1.07-1.3-windows-x86_64.jar;C:\Users\DELL\.m2\repository\mysql\mysql-connector-java\5.1.14\mysql-connector-java-5.1.14.jar;C:\Users\DELL\.m2\repository\org\bytedeco\javacpp-presets\tesseract-platform\3.04.01-1.3\tesseract-platform-3.04.01-1.3.jar;C:\Users\DELL\.m2\repository\org\bytedeco\javacpp-presets\leptonica-platform\1.73-1.3\leptonica-platform-1.73-1.3.jar;C:\Users\DELL\.m2\repository\org\bytedeco\javacpp-presets\leptonica\1.73-1.3\leptonica-1.73-1.3.jar;C:\Users\DELL\.m2\repository\org\bytedeco\javacpp-presets\leptonica\1.73-1.3\leptonica-1.73-1.3-android-arm.jar;C:\Users\DELL\.m2\repository\org\bytedeco\javacpp-presets\leptonica\1.73-1.3\leptonica-1.73-1.3-android-x86.jar;C:\Users\DELL\.m2\repository\org\bytedeco\javacpp-presets\leptonica\1.73-1.3\leptonica-1.73-1.3-linux-x86.jar;C:\Users\DELL\.m2\repository\org\bytedeco\javacpp-presets\leptonica\1.73-1.3\leptonica-1.73-1.3-linux-x86_64.jar;C:\Users\DELL\.m2\repository\org\bytedeco\javacpp-presets\leptonica\1.73-1.3\leptonica-1.73-1.3-linux-armhf.jar;C:\Users\DELL\.m2\repository\org\bytedeco\javacpp-presets\leptonica\1.73-1.3\leptonica-1.73-1.3-linux-ppc64le.jar;C:\Users\DELL\.m2\repository\org\bytedeco\javacpp-presets\leptonica\1.73-1.3\leptonica-1.73-1.3-macosx-x86_64.jar;C:\Users\DELL\.m2\repository\org\bytedeco\javacpp-presets\leptonica\1.73-1.3\leptonica-1.73-1.3-windows-x86.jar;C:\Users\DELL\.m2\repository\org\bytedeco\javacpp-presets\leptonica\1.73-1.3\leptonica-1.73-1.3-windows-x86_64.jar;C:\Users\DELL\.m2\repository\org\bytedeco\javacpp-presets\tesseract\3.04.01-1.3\tesseract-3.04.01-1.3.jar;C:\Users\DELL\.m2\repository\org\bytedeco\javacpp-presets\tesseract\3.04.01-1.3\tesseract-3.04.01-1.3-android-arm.jar;C:\Users\DELL\.m2\repository\org\bytedeco\javacpp-presets\tesseract\3.04.01-1.3\tesseract-3.04.01-1.3-android-x86.jar;C:\Users\DELL\.m2\repository\org\bytedeco\javacpp-presets\tesseract\3.04.01-1.3\tesseract-3.04.01-1.3-linux-x86.jar;C:\Users\DELL\.m2\repository\org\bytedeco\javacpp-presets\tesseract\3.04.01-1.3\tesseract-3.04.01-1.3-linux-x86_64.jar;C:\Users\DELL\.m2\repository\org\bytedeco\javacpp-presets\tesseract\3.04.01-1.3\tesseract-3.04.01-1.3-linux-armhf.jar;C:\Users\DELL\.m2\repository\org\bytedeco\javacpp-presets\tesseract\3.04.01-1.3\tesseract-3.04.01-1.3-linux-ppc64le.jar;C:\Users\DELL\.m2\repository\org\bytedeco\javacpp-presets\tesseract\3.04.01-1.3\tesseract-3.04.01-1.3-macosx-x86_64.jar;C:\Users\DELL\.m2\repository\org\bytedeco\javacpp-presets\tesseract\3.04.01-1.3\tesseract-3.04.01-1.3-windows-x86.jar;C:\Users\DELL\.m2\repository\org\bytedeco\javacpp-presets\tesseract\3.04.01-1.3\tesseract-3.04.01-1.3-windows-x86_64.jar
Launcher Type: SUN_STANDARD

[Global flags]
     intx CICompilerCount                          = 3                                         {product} {ergonomic}
     uint ConcGCThreads                            = 1                                         {product} {ergonomic}
     uint G1ConcRefinementThreads                  = 4                                         {product} {ergonomic}
   size_t G1HeapRegionSize                         = 1048576                                   {product} {ergonomic}
    uintx GCDrainStackTargetSize                   = 64                                        {product} {ergonomic}
   size_t InitialHeapSize                          = 132120576                                 {product} {ergonomic}
   size_t MarkStackSize                            = 4194304                                   {product} {ergonomic}
   size_t MaxHeapSize                              = 2086666240                                {product} {ergonomic}
   size_t MaxNewSize                               = 1251999744                                {product} {ergonomic}
   size_t MinHeapDeltaBytes                        = 1048576                                   {product} {ergonomic}
   size_t MinHeapSize                              = 8388608                                   {product} {ergonomic}
    uintx NonNMethodCodeHeapSize                   = 5832780                                {pd product} {ergonomic}
    uintx NonProfiledCodeHeapSize                  = 122912730                              {pd product} {ergonomic}
    uintx ProfiledCodeHeapSize                     = 122912730                              {pd product} {ergonomic}
    uintx ReservedCodeCacheSize                    = 251658240                              {pd product} {ergonomic}
     bool SegmentedCodeCache                       = true                                      {product} {ergonomic}
     bool ShowCodeDetailsInExceptionMessages       = true                                   {manageable} {command line}
   size_t SoftMaxHeapSize                          = 2086666240                             {manageable} {ergonomic}
     bool UseCompressedClassPointers               = true                           {product lp64_product} {ergonomic}
     bool UseCompressedOops                        = true                           {product lp64_product} {ergonomic}
     bool UseG1GC                                  = true                                      {product} {ergonomic}
     bool UseLargePagesIndividualAllocation        = false                                  {pd product} {ergonomic}

Logging:
Log output configuration:
 #0: stdout all=warning uptime,level,tags foldmultilines=false
 #1: stderr all=off uptime,level,tags foldmultilines=false

Environment Variables:
PATH=C:\Program Files\Common Files\Oracle\Java\javapath;"C:\xampp\php;C:\WINDOWS\system32";C:\WINDOWS;C:\WINDOWS\System32\Wbem;C:\WINDOWS\System32\WindowsPowerShell\v1.0\;C:\WINDOWS\System32\OpenSSH\;C:\Program Files\Java\jdk-19\bin;C:\Users\DELL\AppData\Local\Microsoft\WindowsApps;;C:\Users\DELL\AppData\Local\Programs\Microsoft VS Code\bin
USERNAME=DELL
OS=Windows_NT
PROCESSOR_IDENTIFIER=Intel64 Family 6 Model 126 Stepping 5, GenuineIntel
TMP=C:\Users\DELL\AppData\Local\Temp
TEMP=C:\Users\DELL\AppData\Local\Temp



---------------  S Y S T E M  ---------------

OS:
 Windows 11 , 64 bit Build 22621 (10.0.22621.755)
OS uptime: 1 days 11:14 hours
Hyper-V role detected

CPU: total 4 (initial active 4) (2 cores per cpu, 2 threads per core) family 6 model 126 stepping 5 microcode 0xb2, cx8, cmov, fxsr, ht, mmx, 3dnowpref, sse, sse2, sse3, ssse3, sse4.1, sse4.2, popcnt, lzcnt, tsc, tscinvbit, avx, avx2, aes, erms, clmul, bmi1, bmi2, adx, avx512f, avx512dq, avx512cd, avx512bw, avx512vl, sha, fma, vzeroupper, avx512_vpopcntdq, avx512_vpclmulqdq, avx512_vaes, avx512_vnni, clflush, clflushopt, avx512_vbmi2, avx512_vbmi, hv, rdtscp, rdpid, fsrm, gfni, avx512_bitalg

Memory: 4k page, system-wide physical 7959M (2073M free)
TotalPageFile size 12311M (AvailPageFile size 5251M)
current process WorkingSet (physical memory assigned to process): 360M, peak: 366M
current process commit charge ("private bytes"): 414M, peak: 431M

vm_info: Java HotSpot(TM) 64-Bit Server VM (19.0.1+10-21) for windows-amd64 JRE (19.0.1+10-21), built on 2022-09-14T12:45:06Z by "mach5one" with MS VC++ 17.1 (VS2022)

END.
